01-Apr-2024 00:49:15.878 INFO [main] org.apache.catalina.core.StandardServer.await A valid shutdown command was received via the shutdown port. Stopping the Server instance.
01-Apr-2024 00:49:15.880 INFO [main] org.apache.coyote.AbstractProtocol.pause Pausing ProtocolHandler ["http-nio-8080"]
01-Apr-2024 00:49:15.891 INFO [main] org.apache.catalina.core.StandardService.stopInternal Stopping service [Catalina]
01-Apr-2024 00:49:15.935 INFO [main] org.apache.coyote.AbstractProtocol.stop Stopping ProtocolHandler ["http-nio-8080"]
01-Apr-2024 00:49:15.949 INFO [main] org.apache.coyote.AbstractProtocol.destroy Destroying ProtocolHandler ["http-nio-8080"]
01-Apr-2024 01:05:51.162 INFO [main] org.apache.catalina.startup.VersionLoggerListener.log Server version name:   Apache Tomcat/10.1.20
01-Apr-2024 01:05:51.166 INFO [main] org.apache.catalina.startup.VersionLoggerListener.log Server built:          Mar 19 2024 12:49:58 UTC
01-Apr-2024 01:05:51.166 INFO [main] org.apache.catalina.startup.VersionLoggerListener.log Server version number: 10.1.20.0
01-Apr-2024 01:05:51.166 INFO [main] org.apache.catalina.startup.VersionLoggerListener.log OS Name:               Windows 11
01-Apr-2024 01:05:51.166 INFO [main] org.apache.catalina.startup.VersionLoggerListener.log OS Version:            10.0
01-Apr-2024 01:05:51.166 INFO [main] org.apache.catalina.startup.VersionLoggerListener.log Architecture:          amd64
01-Apr-2024 01:05:51.166 INFO [main] org.apache.catalina.startup.VersionLoggerListener.log Java Home:             C:\Program Files\Java\jdk-21
01-Apr-2024 01:05:51.166 INFO [main] org.apache.catalina.startup.VersionLoggerListener.log JVM Version:           21.0.2+13-LTS-58
01-Apr-2024 01:05:51.167 INFO [main] org.apache.catalina.startup.VersionLoggerListener.log JVM Vendor:            Oracle Corporation
01-Apr-2024 01:05:51.167 INFO [main] org.apache.catalina.startup.VersionLoggerListener.log CATALINA_BASE:         E:\DevHome\Server\apache-tomcat-10.1.20
01-Apr-2024 01:05:51.167 INFO [main] org.apache.catalina.startup.VersionLoggerListener.log CATALINA_HOME:         E:\DevHome\Server\apache-tomcat-10.1.20
01-Apr-2024 01:05:51.174 INFO [main] org.apache.catalina.startup.VersionLoggerListener.log Command line argument: -Djava.util.logging.config.file=E:\DevHome\Server\apache-tomcat-10.1.20\conf\logging.properties
01-Apr-2024 01:05:51.175 INFO [main] org.apache.catalina.startup.VersionLoggerListener.log Command line argument: -Djava.util.logging.manager=org.apache.juli.ClassLoaderLogManager
01-Apr-2024 01:05:51.175 INFO [main] org.apache.catalina.startup.VersionLoggerListener.log Command line argument: -Dhttp.nonProxyHosts=localhost|127.0.0.1|bill
01-Apr-2024 01:05:51.175 INFO [main] org.apache.catalina.startup.VersionLoggerListener.log Command line argument: -Djdk.tls.ephemeralDHKeySize=2048
01-Apr-2024 01:05:51.175 INFO [main] org.apache.catalina.startup.VersionLoggerListener.log Command line argument: -Djava.protocol.handler.pkgs=org.apache.catalina.webresources
01-Apr-2024 01:05:51.175 INFO [main] org.apache.catalina.startup.VersionLoggerListener.log Command line argument: --add-opens=java.base/java.lang=ALL-UNNAMED
01-Apr-2024 01:05:51.175 INFO [main] org.apache.catalina.startup.VersionLoggerListener.log Command line argument: --add-opens=java.base/java.io=ALL-UNNAMED
01-Apr-2024 01:05:51.175 INFO [main] org.apache.catalina.startup.VersionLoggerListener.log Command line argument: --add-opens=java.base/java.util=ALL-UNNAMED
01-Apr-2024 01:05:51.175 INFO [main] org.apache.catalina.startup.VersionLoggerListener.log Command line argument: --add-opens=java.base/java.util.concurrent=ALL-UNNAMED
01-Apr-2024 01:05:51.175 INFO [main] org.apache.catalina.startup.VersionLoggerListener.log Command line argument: --add-opens=java.rmi/sun.rmi.transport=ALL-UNNAMED
01-Apr-2024 01:05:51.175 INFO [main] org.apache.catalina.startup.VersionLoggerListener.log Command line argument: -Dcatalina.base=E:\DevHome\Server\apache-tomcat-10.1.20
01-Apr-2024 01:05:51.175 INFO [main] org.apache.catalina.startup.VersionLoggerListener.log Command line argument: -Dcatalina.home=E:\DevHome\Server\apache-tomcat-10.1.20
01-Apr-2024 01:05:51.175 INFO [main] org.apache.catalina.startup.VersionLoggerListener.log Command line argument: -Djava.io.tmpdir=E:\DevHome\Server\apache-tomcat-10.1.20\temp
01-Apr-2024 01:05:51.181 INFO [main] org.apache.catalina.core.AprLifecycleListener.lifecycleEvent The Apache Tomcat Native library which allows using OpenSSL was not found on the java.library.path: [C:\Program Files\Java\jdk-21\bin;C:\Windows\Sun\Java\bin;C:\Windows\system32;C:\Windows;C:\Program Files\Common Files\Oracle\Java\javapath;C:\Program Files\OpenSSH\;C:\Windows\system32;C:\Windows;C:\Windows\System32\Wbem;C:\Windows\System32\WindowsPowerShell\v1.0\;C:\Windows\System32\OpenSSH\;C:\Program Files (x86)\NVIDIA Corporation\PhysX\Common;C:\Program Files\NVIDIA Corporation\NVIDIA NvDLISR;E:\xampp\php;C:\Program Files\PuTTY\;C:\composer;C:\ProgramData\chocolatey\bin;C:\Program Files\Git\cmd;C:\Users\Bin\AppData\Roaming\nvm;C:\Program Files\nodejs;C:\Program Files\dotnet\;C:\Program Files\Microsoft SQL Server\Client SDK\ODBC\170\Tools\Binn\;C:\Program Files (x86)\Windows Kits\10\Windows Performance Toolkit\;C:\Users\Bin\AppData\Local\Programs\Python\Python311\Scripts\;C:\Users\Bin\AppData\Local\Programs\Python\Python311\;C:\Users\Bin\AppData\Local\Microsoft\WindowsApps;C:\Users\Bin\AppData\Local\Programs\Microsoft VS Code\bin;C:\Users\Bin\AppData\Roaming\Composer\vendor\bin;C:\Users\Bin\AppData\Roaming\npm;C:\Program Files\OpenSSL-Win64\bin;C:\Users\Bin\AppData\Roaming\nvm;C:\Program Files\nodejs;C:\Users\Bin\.dotnet\tools;.]
01-Apr-2024 01:05:51.470 INFO [main] org.apache.coyote.AbstractProtocol.init Initializing ProtocolHandler ["http-nio-8080"]
01-Apr-2024 01:05:51.486 INFO [main] org.apache.catalina.startup.Catalina.load Server initialization in [454] milliseconds
01-Apr-2024 01:05:51.523 INFO [main] org.apache.catalina.core.StandardService.startInternal Starting service [Catalina]
01-Apr-2024 01:05:51.523 INFO [main] org.apache.catalina.core.StandardEngine.startInternal Starting Servlet engine: [Apache Tomcat/10.1.20]
01-Apr-2024 01:05:51.531 INFO [main] org.apache.catalina.startup.HostConfig.deployDescriptor Deploying deployment descriptor [E:\DevHome\Server\apache-tomcat-10.1.20\conf\Catalina\localhost\first.xml]
01-Apr-2024 01:05:51.545 WARNING [main] org.apache.catalina.startup.HostConfig.deployDescriptor The path attribute with value [/first] in deployment descriptor [E:\DevHome\Server\apache-tomcat-10.1.20\conf\Catalina\localhost\first.xml] has been ignored
01-Apr-2024 01:05:51.901 INFO [main] org.apache.jasper.servlet.TldScanner.scanJars At least one JAR was scanned for TLDs yet contained no TLDs. Enable debug logging for this logger for a complete list of JARs that were scanned but no TLDs were found in them. Skipping unneeded JARs during scanning can improve startup time and JSP compilation time.
01-Apr-2024 01:05:51.941 INFO [main] org.apache.catalina.startup.HostConfig.deployDescriptor Deployment of deployment descriptor [E:\DevHome\Server\apache-tomcat-10.1.20\conf\Catalina\localhost\first.xml] has finished in [409] ms
01-Apr-2024 01:05:51.941 INFO [main] org.apache.catalina.startup.HostConfig.deployDirectory Deploying web application directory [E:\DevHome\Server\apache-tomcat-10.1.20\webapps\docs]
01-Apr-2024 01:05:51.962 INFO [main] org.apache.catalina.startup.HostConfig.deployDirectory Deployment of web application directory [E:\DevHome\Server\apache-tomcat-10.1.20\webapps\docs] has finished in [20] ms
01-Apr-2024 01:05:51.962 INFO [main] org.apache.catalina.startup.HostConfig.deployDirectory Deploying web application directory [E:\DevHome\Server\apache-tomcat-10.1.20\webapps\examples]
01-Apr-2024 01:05:52.344 INFO [main] org.apache.catalina.startup.HostConfig.deployDirectory Deployment of web application directory [E:\DevHome\Server\apache-tomcat-10.1.20\webapps\examples] has finished in [382] ms
01-Apr-2024 01:05:52.344 INFO [main] org.apache.catalina.startup.HostConfig.deployDirectory Deploying web application directory [E:\DevHome\Server\apache-tomcat-10.1.20\webapps\host-manager]
01-Apr-2024 01:05:52.367 INFO [main] org.apache.catalina.startup.HostConfig.deployDirectory Deployment of web application directory [E:\DevHome\Server\apache-tomcat-10.1.20\webapps\host-manager] has finished in [23] ms
01-Apr-2024 01:05:52.367 INFO [main] org.apache.catalina.startup.HostConfig.deployDirectory Deploying web application directory [E:\DevHome\Server\apache-tomcat-10.1.20\webapps\manager]
01-Apr-2024 01:05:52.388 INFO [main] org.apache.catalina.startup.HostConfig.deployDirectory Deployment of web application directory [E:\DevHome\Server\apache-tomcat-10.1.20\webapps\manager] has finished in [21] ms
01-Apr-2024 01:05:52.388 INFO [main] org.apache.catalina.startup.HostConfig.deployDirectory Deploying web application directory [E:\DevHome\Server\apache-tomcat-10.1.20\webapps\ROOT]
01-Apr-2024 01:05:52.403 INFO [main] org.apache.catalina.startup.HostConfig.deployDirectory Deployment of web application directory [E:\DevHome\Server\apache-tomcat-10.1.20\webapps\ROOT] has finished in [15] ms
01-Apr-2024 01:05:52.406 INFO [main] org.apache.coyote.AbstractProtocol.start Starting ProtocolHandler ["http-nio-8080"]
01-Apr-2024 01:05:52.423 INFO [main] org.apache.catalina.startup.Catalina.start Server startup in [934] milliseconds
01-Apr-2024 01:05:53.012 INFO [http-nio-8080-exec-3] org.apache.catalina.startup.HostConfig.undeploy Undeploying context [/first]
01-Apr-2024 01:05:53.028 INFO [http-nio-8080-exec-6] org.apache.catalina.startup.HostConfig.deployDescriptor Deploying deployment descriptor [E:\DevHome\Server\apache-tomcat-10.1.20\conf\Catalina\localhost\first.xml]
01-Apr-2024 01:05:53.029 WARNING [http-nio-8080-exec-6] org.apache.catalina.startup.HostConfig.deployDescriptor The path attribute with value [/first] in deployment descriptor [E:\DevHome\Server\apache-tomcat-10.1.20\conf\Catalina\localhost\first.xml] has been ignored
01-Apr-2024 01:05:53.160 INFO [http-nio-8080-exec-6] org.apache.jasper.servlet.TldScanner.scanJars At least one JAR was scanned for TLDs yet contained no TLDs. Enable debug logging for this logger for a complete list of JARs that were scanned but no TLDs were found in them. Skipping unneeded JARs during scanning can improve startup time and JSP compilation time.
01-Apr-2024 01:05:53.162 INFO [http-nio-8080-exec-6] org.apache.catalina.startup.HostConfig.deployDescriptor Deployment of deployment descriptor [E:\DevHome\Server\apache-tomcat-10.1.20\conf\Catalina\localhost\first.xml] has finished in [134] ms
01-Apr-2024 01:05:53.165 INFO [http-nio-8080-exec-1] org.apache.catalina.util.LifecycleBase.start The start() method was called on component [StandardEngine[Catalina].StandardHost[localhost].StandardContext[/first]] after start() had already been called. The second call will be ignored.
01-Apr-2024 01:16:54.877 INFO [http-nio-8080-exec-20] org.apache.catalina.startup.HostConfig.undeploy Undeploying context [/first]
01-Apr-2024 02:29:47.215 INFO [main] org.apache.catalina.core.StandardServer.await A valid shutdown command was received via the shutdown port. Stopping the Server instance.
01-Apr-2024 02:29:47.215 INFO [main] org.apache.coyote.AbstractProtocol.pause Pausing ProtocolHandler ["http-nio-8080"]
01-Apr-2024 02:29:47.218 INFO [main] org.apache.catalina.core.StandardService.stopInternal Stopping service [Catalina]
01-Apr-2024 02:29:47.230 INFO [main] org.apache.coyote.AbstractProtocol.stop Stopping ProtocolHandler ["http-nio-8080"]
01-Apr-2024 02:29:47.232 INFO [main] org.apache.coyote.AbstractProtocol.destroy Destroying ProtocolHandler ["http-nio-8080"]
01-Apr-2024 02:30:02.002 INFO [main] org.apache.catalina.startup.VersionLoggerListener.log Server version name:   Apache Tomcat/10.1.20
01-Apr-2024 02:30:02.004 INFO [main] org.apache.catalina.startup.VersionLoggerListener.log Server built:          Mar 19 2024 12:49:58 UTC
01-Apr-2024 02:30:02.005 INFO [main] org.apache.catalina.startup.VersionLoggerListener.log Server version number: 10.1.20.0
01-Apr-2024 02:30:02.005 INFO [main] org.apache.catalina.startup.VersionLoggerListener.log OS Name:               Windows 11
01-Apr-2024 02:30:02.005 INFO [main] org.apache.catalina.startup.VersionLoggerListener.log OS Version:            10.0
01-Apr-2024 02:30:02.005 INFO [main] org.apache.catalina.startup.VersionLoggerListener.log Architecture:          amd64
01-Apr-2024 02:30:02.005 INFO [main] org.apache.catalina.startup.VersionLoggerListener.log Java Home:             C:\Program Files\Java\jdk-21
01-Apr-2024 02:30:02.005 INFO [main] org.apache.catalina.startup.VersionLoggerListener.log JVM Version:           21.0.2+13-LTS-58
01-Apr-2024 02:30:02.005 INFO [main] org.apache.catalina.startup.VersionLoggerListener.log JVM Vendor:            Oracle Corporation
01-Apr-2024 02:30:02.005 INFO [main] org.apache.catalina.startup.VersionLoggerListener.log CATALINA_BASE:         E:\DevHome\Server\apache-tomcat-10.1.20
01-Apr-2024 02:30:02.005 INFO [main] org.apache.catalina.startup.VersionLoggerListener.log CATALINA_HOME:         E:\DevHome\Server\apache-tomcat-10.1.20
01-Apr-2024 02:30:02.014 INFO [main] org.apache.catalina.startup.VersionLoggerListener.log Command line argument: -Djava.util.logging.config.file=E:\DevHome\Server\apache-tomcat-10.1.20\conf\logging.properties
01-Apr-2024 02:30:02.014 INFO [main] org.apache.catalina.startup.VersionLoggerListener.log Command line argument: -Djava.util.logging.manager=org.apache.juli.ClassLoaderLogManager
01-Apr-2024 02:30:02.014 INFO [main] org.apache.catalina.startup.VersionLoggerListener.log Command line argument: -Dhttp.nonProxyHosts=localhost|127.0.0.1|bill
01-Apr-2024 02:30:02.014 INFO [main] org.apache.catalina.startup.VersionLoggerListener.log Command line argument: -Djdk.tls.ephemeralDHKeySize=2048
01-Apr-2024 02:30:02.014 INFO [main] org.apache.catalina.startup.VersionLoggerListener.log Command line argument: -Djava.protocol.handler.pkgs=org.apache.catalina.webresources
01-Apr-2024 02:30:02.014 INFO [main] org.apache.catalina.startup.VersionLoggerListener.log Command line argument: --add-opens=java.base/java.lang=ALL-UNNAMED
01-Apr-2024 02:30:02.014 INFO [main] org.apache.catalina.startup.VersionLoggerListener.log Command line argument: --add-opens=java.base/java.io=ALL-UNNAMED
01-Apr-2024 02:30:02.014 INFO [main] org.apache.catalina.startup.VersionLoggerListener.log Command line argument: --add-opens=java.base/java.util=ALL-UNNAMED
01-Apr-2024 02:30:02.014 INFO [main] org.apache.catalina.startup.VersionLoggerListener.log Command line argument: --add-opens=java.base/java.util.concurrent=ALL-UNNAMED
01-Apr-2024 02:30:02.014 INFO [main] org.apache.catalina.startup.VersionLoggerListener.log Command line argument: --add-opens=java.rmi/sun.rmi.transport=ALL-UNNAMED
01-Apr-2024 02:30:02.014 INFO [main] org.apache.catalina.startup.VersionLoggerListener.log Command line argument: -Dcatalina.base=E:\DevHome\Server\apache-tomcat-10.1.20
01-Apr-2024 02:30:02.014 INFO [main] org.apache.catalina.startup.VersionLoggerListener.log Command line argument: -Dcatalina.home=E:\DevHome\Server\apache-tomcat-10.1.20
01-Apr-2024 02:30:02.015 INFO [main] org.apache.catalina.startup.VersionLoggerListener.log Command line argument: -Djava.io.tmpdir=E:\DevHome\Server\apache-tomcat-10.1.20\temp
01-Apr-2024 02:30:02.021 INFO [main] org.apache.catalina.core.AprLifecycleListener.lifecycleEvent The Apache Tomcat Native library which allows using OpenSSL was not found on the java.library.path: [C:\Program Files\Java\jdk-21\bin;C:\Windows\Sun\Java\bin;C:\Windows\system32;C:\Windows;C:\Program Files\Common Files\Oracle\Java\javapath;C:\Program Files\OpenSSH\;C:\Windows\system32;C:\Windows;C:\Windows\System32\Wbem;C:\Windows\System32\WindowsPowerShell\v1.0\;C:\Windows\System32\OpenSSH\;C:\Program Files (x86)\NVIDIA Corporation\PhysX\Common;C:\Program Files\NVIDIA Corporation\NVIDIA NvDLISR;E:\xampp\php;C:\Program Files\PuTTY\;C:\composer;C:\ProgramData\chocolatey\bin;C:\Program Files\Git\cmd;C:\Users\Bin\AppData\Roaming\nvm;C:\Program Files\nodejs;C:\Program Files\dotnet\;C:\Program Files\Microsoft SQL Server\Client SDK\ODBC\170\Tools\Binn\;C:\Program Files (x86)\Windows Kits\10\Windows Performance Toolkit\;C:\Users\Bin\AppData\Local\Programs\Python\Python311\Scripts\;C:\Users\Bin\AppData\Local\Programs\Python\Python311\;C:\Users\Bin\AppData\Local\Microsoft\WindowsApps;C:\Users\Bin\AppData\Local\Programs\Microsoft VS Code\bin;C:\Users\Bin\AppData\Roaming\Composer\vendor\bin;C:\Users\Bin\AppData\Roaming\npm;C:\Program Files\OpenSSL-Win64\bin;C:\Users\Bin\AppData\Roaming\nvm;C:\Program Files\nodejs;C:\Users\Bin\.dotnet\tools;.]
01-Apr-2024 02:30:02.281 INFO [main] org.apache.coyote.AbstractProtocol.init Initializing ProtocolHandler ["http-nio-8080"]
01-Apr-2024 02:30:02.296 INFO [main] org.apache.catalina.startup.Catalina.load Server initialization in [434] milliseconds
01-Apr-2024 02:30:02.333 INFO [main] org.apache.catalina.core.StandardService.startInternal Starting service [Catalina]
01-Apr-2024 02:30:02.333 INFO [main] org.apache.catalina.core.StandardEngine.startInternal Starting Servlet engine: [Apache Tomcat/10.1.20]
01-Apr-2024 02:30:02.339 INFO [main] org.apache.catalina.startup.HostConfig.deployDirectory Deploying web application directory [E:\DevHome\Server\apache-tomcat-10.1.20\webapps\docs]
01-Apr-2024 02:30:02.558 INFO [main] org.apache.catalina.startup.HostConfig.deployDirectory Deployment of web application directory [E:\DevHome\Server\apache-tomcat-10.1.20\webapps\docs] has finished in [219] ms
01-Apr-2024 02:30:02.559 INFO [main] org.apache.catalina.startup.HostConfig.deployDirectory Deploying web application directory [E:\DevHome\Server\apache-tomcat-10.1.20\webapps\examples]
01-Apr-2024 02:30:02.809 INFO [main] org.apache.catalina.startup.HostConfig.deployDirectory Deployment of web application directory [E:\DevHome\Server\apache-tomcat-10.1.20\webapps\examples] has finished in [250] ms
01-Apr-2024 02:30:02.809 INFO [main] org.apache.catalina.startup.HostConfig.deployDirectory Deploying web application directory [E:\DevHome\Server\apache-tomcat-10.1.20\webapps\host-manager]
01-Apr-2024 02:30:02.834 INFO [main] org.apache.catalina.startup.HostConfig.deployDirectory Deployment of web application directory [E:\DevHome\Server\apache-tomcat-10.1.20\webapps\host-manager] has finished in [25] ms
01-Apr-2024 02:30:02.834 INFO [main] org.apache.catalina.startup.HostConfig.deployDirectory Deploying web application directory [E:\DevHome\Server\apache-tomcat-10.1.20\webapps\manager]
01-Apr-2024 02:30:02.856 INFO [main] org.apache.catalina.startup.HostConfig.deployDirectory Deployment of web application directory [E:\DevHome\Server\apache-tomcat-10.1.20\webapps\manager] has finished in [22] ms
01-Apr-2024 02:30:02.856 INFO [main] org.apache.catalina.startup.HostConfig.deployDirectory Deploying web application directory [E:\DevHome\Server\apache-tomcat-10.1.20\webapps\ROOT]
01-Apr-2024 02:30:02.872 INFO [main] org.apache.catalina.startup.HostConfig.deployDirectory Deployment of web application directory [E:\DevHome\Server\apache-tomcat-10.1.20\webapps\ROOT] has finished in [16] ms
01-Apr-2024 02:30:02.875 INFO [main] org.apache.coyote.AbstractProtocol.start Starting ProtocolHandler ["http-nio-8080"]
01-Apr-2024 02:30:02.894 INFO [main] org.apache.catalina.startup.Catalina.start Server startup in [596] milliseconds
01-Apr-2024 02:30:02.974 INFO [http-nio-8080-exec-4] org.apache.catalina.startup.HostConfig.deployDescriptor Deploying deployment descriptor [E:\DevHome\Server\apache-tomcat-10.1.20\conf\Catalina\localhost\first.xml]
01-Apr-2024 02:30:02.975 WARNING [http-nio-8080-exec-4] org.apache.catalina.startup.HostConfig.deployDescriptor The path attribute with value [/first] in deployment descriptor [E:\DevHome\Server\apache-tomcat-10.1.20\conf\Catalina\localhost\first.xml] has been ignored
01-Apr-2024 02:30:03.157 INFO [http-nio-8080-exec-4] org.apache.jasper.servlet.TldScanner.scanJars At least one JAR was scanned for TLDs yet contained no TLDs. Enable debug logging for this logger for a complete list of JARs that were scanned but no TLDs were found in them. Skipping unneeded JARs during scanning can improve startup time and JSP compilation time.
01-Apr-2024 02:30:03.163 INFO [http-nio-8080-exec-4] org.apache.catalina.startup.HostConfig.deployDescriptor Deployment of deployment descriptor [E:\DevHome\Server\apache-tomcat-10.1.20\conf\Catalina\localhost\first.xml] has finished in [189] ms
01-Apr-2024 02:30:03.166 INFO [http-nio-8080-exec-3] org.apache.catalina.util.LifecycleBase.start The start() method was called on component [StandardEngine[Catalina].StandardHost[localhost].StandardContext[/first]] after start() had already been called. The second call will be ignored.
01-Apr-2024 02:30:43.947 INFO [main] org.apache.catalina.core.StandardServer.await A valid shutdown command was received via the shutdown port. Stopping the Server instance.
01-Apr-2024 02:30:43.947 INFO [main] org.apache.coyote.AbstractProtocol.pause Pausing ProtocolHandler ["http-nio-8080"]
01-Apr-2024 02:30:43.950 INFO [main] org.apache.catalina.core.StandardService.stopInternal Stopping service [Catalina]
01-Apr-2024 02:30:43.965 INFO [main] org.apache.coyote.AbstractProtocol.stop Stopping ProtocolHandler ["http-nio-8080"]
01-Apr-2024 02:30:43.976 INFO [main] org.apache.coyote.AbstractProtocol.destroy Destroying ProtocolHandler ["http-nio-8080"]
01-Apr-2024 02:30:59.263 INFO [main] org.apache.catalina.startup.VersionLoggerListener.log Server version name:   Apache Tomcat/10.1.20
01-Apr-2024 02:30:59.266 INFO [main] org.apache.catalina.startup.VersionLoggerListener.log Server built:          Mar 19 2024 12:49:58 UTC
01-Apr-2024 02:30:59.267 INFO [main] org.apache.catalina.startup.VersionLoggerListener.log Server version number: 10.1.20.0
01-Apr-2024 02:30:59.267 INFO [main] org.apache.catalina.startup.VersionLoggerListener.log OS Name:               Windows 11
01-Apr-2024 02:30:59.267 INFO [main] org.apache.catalina.startup.VersionLoggerListener.log OS Version:            10.0
01-Apr-2024 02:30:59.267 INFO [main] org.apache.catalina.startup.VersionLoggerListener.log Architecture:          amd64
01-Apr-2024 02:30:59.267 INFO [main] org.apache.catalina.startup.VersionLoggerListener.log Java Home:             C:\Program Files\Java\jdk-21
01-Apr-2024 02:30:59.267 INFO [main] org.apache.catalina.startup.VersionLoggerListener.log JVM Version:           21.0.2+13-LTS-58
01-Apr-2024 02:30:59.267 INFO [main] org.apache.catalina.startup.VersionLoggerListener.log JVM Vendor:            Oracle Corporation
01-Apr-2024 02:30:59.267 INFO [main] org.apache.catalina.startup.VersionLoggerListener.log CATALINA_BASE:         E:\DevHome\Server\apache-tomcat-10.1.20
01-Apr-2024 02:30:59.267 INFO [main] org.apache.catalina.startup.VersionLoggerListener.log CATALINA_HOME:         E:\DevHome\Server\apache-tomcat-10.1.20
01-Apr-2024 02:30:59.276 INFO [main] org.apache.catalina.startup.VersionLoggerListener.log Command line argument: -Djava.util.logging.config.file=E:\DevHome\Server\apache-tomcat-10.1.20\conf\logging.properties
01-Apr-2024 02:30:59.276 INFO [main] org.apache.catalina.startup.VersionLoggerListener.log Command line argument: -Djava.util.logging.manager=org.apache.juli.ClassLoaderLogManager
01-Apr-2024 02:30:59.276 INFO [main] org.apache.catalina.startup.VersionLoggerListener.log Command line argument: -Dhttp.nonProxyHosts=localhost|127.0.0.1|bill
01-Apr-2024 02:30:59.276 INFO [main] org.apache.catalina.startup.VersionLoggerListener.log Command line argument: -Djdk.tls.ephemeralDHKeySize=2048
01-Apr-2024 02:30:59.276 INFO [main] org.apache.catalina.startup.VersionLoggerListener.log Command line argument: -Djava.protocol.handler.pkgs=org.apache.catalina.webresources
01-Apr-2024 02:30:59.276 INFO [main] org.apache.catalina.startup.VersionLoggerListener.log Command line argument: --add-opens=java.base/java.lang=ALL-UNNAMED
01-Apr-2024 02:30:59.276 INFO [main] org.apache.catalina.startup.VersionLoggerListener.log Command line argument: --add-opens=java.base/java.io=ALL-UNNAMED
01-Apr-2024 02:30:59.277 INFO [main] org.apache.catalina.startup.VersionLoggerListener.log Command line argument: --add-opens=java.base/java.util=ALL-UNNAMED
01-Apr-2024 02:30:59.277 INFO [main] org.apache.catalina.startup.VersionLoggerListener.log Command line argument: --add-opens=java.base/java.util.concurrent=ALL-UNNAMED
01-Apr-2024 02:30:59.277 INFO [main] org.apache.catalina.startup.VersionLoggerListener.log Command line argument: --add-opens=java.rmi/sun.rmi.transport=ALL-UNNAMED
01-Apr-2024 02:30:59.277 INFO [main] org.apache.catalina.startup.VersionLoggerListener.log Command line argument: -Dcatalina.base=E:\DevHome\Server\apache-tomcat-10.1.20
01-Apr-2024 02:30:59.277 INFO [main] org.apache.catalina.startup.VersionLoggerListener.log Command line argument: -Dcatalina.home=E:\DevHome\Server\apache-tomcat-10.1.20
01-Apr-2024 02:30:59.277 INFO [main] org.apache.catalina.startup.VersionLoggerListener.log Command line argument: -Djava.io.tmpdir=E:\DevHome\Server\apache-tomcat-10.1.20\temp
01-Apr-2024 02:30:59.282 INFO [main] org.apache.catalina.core.AprLifecycleListener.lifecycleEvent The Apache Tomcat Native library which allows using OpenSSL was not found on the java.library.path: [C:\Program Files\Java\jdk-21\bin;C:\Windows\Sun\Java\bin;C:\Windows\system32;C:\Windows;C:\Program Files\Common Files\Oracle\Java\javapath;C:\Program Files\OpenSSH\;C:\Windows\system32;C:\Windows;C:\Windows\System32\Wbem;C:\Windows\System32\WindowsPowerShell\v1.0\;C:\Windows\System32\OpenSSH\;C:\Program Files (x86)\NVIDIA Corporation\PhysX\Common;C:\Program Files\NVIDIA Corporation\NVIDIA NvDLISR;E:\xampp\php;C:\Program Files\PuTTY\;C:\composer;C:\ProgramData\chocolatey\bin;C:\Program Files\Git\cmd;C:\Users\Bin\AppData\Roaming\nvm;C:\Program Files\nodejs;C:\Program Files\dotnet\;C:\Program Files\Microsoft SQL Server\Client SDK\ODBC\170\Tools\Binn\;C:\Program Files (x86)\Windows Kits\10\Windows Performance Toolkit\;C:\Users\Bin\AppData\Local\Programs\Python\Python311\Scripts\;C:\Users\Bin\AppData\Local\Programs\Python\Python311\;C:\Users\Bin\AppData\Local\Microsoft\WindowsApps;C:\Users\Bin\AppData\Local\Programs\Microsoft VS Code\bin;C:\Users\Bin\AppData\Roaming\Composer\vendor\bin;C:\Users\Bin\AppData\Roaming\npm;C:\Program Files\OpenSSL-Win64\bin;C:\Users\Bin\AppData\Roaming\nvm;C:\Program Files\nodejs;C:\Users\Bin\.dotnet\tools;.]
01-Apr-2024 02:30:59.560 INFO [main] org.apache.coyote.AbstractProtocol.init Initializing ProtocolHandler ["http-nio-8080"]
01-Apr-2024 02:30:59.576 INFO [main] org.apache.catalina.startup.Catalina.load Server initialization in [440] milliseconds
01-Apr-2024 02:30:59.613 INFO [main] org.apache.catalina.core.StandardService.startInternal Starting service [Catalina]
01-Apr-2024 02:30:59.613 INFO [main] org.apache.catalina.core.StandardEngine.startInternal Starting Servlet engine: [Apache Tomcat/10.1.20]
01-Apr-2024 02:30:59.620 INFO [main] org.apache.catalina.startup.HostConfig.deployDescriptor Deploying deployment descriptor [E:\DevHome\Server\apache-tomcat-10.1.20\conf\Catalina\localhost\first.xml]
01-Apr-2024 02:30:59.635 WARNING [main] org.apache.catalina.startup.HostConfig.deployDescriptor The path attribute with value [/first] in deployment descriptor [E:\DevHome\Server\apache-tomcat-10.1.20\conf\Catalina\localhost\first.xml] has been ignored
01-Apr-2024 02:31:00.002 INFO [main] org.apache.jasper.servlet.TldScanner.scanJars At least one JAR was scanned for TLDs yet contained no TLDs. Enable debug logging for this logger for a complete list of JARs that were scanned but no TLDs were found in them. Skipping unneeded JARs during scanning can improve startup time and JSP compilation time.
01-Apr-2024 02:31:00.041 INFO [main] org.apache.catalina.startup.HostConfig.deployDescriptor Deployment of deployment descriptor [E:\DevHome\Server\apache-tomcat-10.1.20\conf\Catalina\localhost\first.xml] has finished in [421] ms
01-Apr-2024 02:31:00.042 INFO [main] org.apache.catalina.startup.HostConfig.deployDirectory Deploying web application directory [E:\DevHome\Server\apache-tomcat-10.1.20\webapps\docs]
01-Apr-2024 02:31:00.061 INFO [main] org.apache.catalina.startup.HostConfig.deployDirectory Deployment of web application directory [E:\DevHome\Server\apache-tomcat-10.1.20\webapps\docs] has finished in [19] ms
01-Apr-2024 02:31:00.061 INFO [main] org.apache.catalina.startup.HostConfig.deployDirectory Deploying web application directory [E:\DevHome\Server\apache-tomcat-10.1.20\webapps\examples]
01-Apr-2024 02:31:00.272 INFO [main] org.apache.catalina.startup.HostConfig.deployDirectory Deployment of web application directory [E:\DevHome\Server\apache-tomcat-10.1.20\webapps\examples] has finished in [211] ms
01-Apr-2024 02:31:00.272 INFO [main] org.apache.catalina.startup.HostConfig.deployDirectory Deploying web application directory [E:\DevHome\Server\apache-tomcat-10.1.20\webapps\host-manager]
01-Apr-2024 02:31:00.295 INFO [main] org.apache.catalina.startup.HostConfig.deployDirectory Deployment of web application directory [E:\DevHome\Server\apache-tomcat-10.1.20\webapps\host-manager] has finished in [23] ms
01-Apr-2024 02:31:00.295 INFO [main] org.apache.catalina.startup.HostConfig.deployDirectory Deploying web application directory [E:\DevHome\Server\apache-tomcat-10.1.20\webapps\manager]
01-Apr-2024 02:31:00.316 INFO [main] org.apache.catalina.startup.HostConfig.deployDirectory Deployment of web application directory [E:\DevHome\Server\apache-tomcat-10.1.20\webapps\manager] has finished in [21] ms
01-Apr-2024 02:31:00.316 INFO [main] org.apache.catalina.startup.HostConfig.deployDirectory Deploying web application directory [E:\DevHome\Server\apache-tomcat-10.1.20\webapps\ROOT]
01-Apr-2024 02:31:00.329 INFO [main] org.apache.catalina.startup.HostConfig.deployDirectory Deployment of web application directory [E:\DevHome\Server\apache-tomcat-10.1.20\webapps\ROOT] has finished in [13] ms
01-Apr-2024 02:31:00.333 INFO [main] org.apache.coyote.AbstractProtocol.start Starting ProtocolHandler ["http-nio-8080"]
01-Apr-2024 02:31:00.349 INFO [main] org.apache.catalina.startup.Catalina.start Server startup in [773] milliseconds
01-Apr-2024 02:31:00.937 INFO [http-nio-8080-exec-3] org.apache.catalina.startup.HostConfig.undeploy Undeploying context [/first]
01-Apr-2024 02:31:00.946 INFO [http-nio-8080-exec-5] org.apache.catalina.startup.HostConfig.deployDescriptor Deploying deployment descriptor [E:\DevHome\Server\apache-tomcat-10.1.20\conf\Catalina\localhost\first.xml]
01-Apr-2024 02:31:00.947 WARNING [http-nio-8080-exec-5] org.apache.catalina.startup.HostConfig.deployDescriptor The path attribute with value [/first] in deployment descriptor [E:\DevHome\Server\apache-tomcat-10.1.20\conf\Catalina\localhost\first.xml] has been ignored
01-Apr-2024 02:31:01.079 INFO [http-nio-8080-exec-5] org.apache.jasper.servlet.TldScanner.scanJars At least one JAR was scanned for TLDs yet contained no TLDs. Enable debug logging for this logger for a complete list of JARs that were scanned but no TLDs were found in them. Skipping unneeded JARs during scanning can improve startup time and JSP compilation time.
01-Apr-2024 02:31:01.081 INFO [http-nio-8080-exec-5] org.apache.catalina.startup.HostConfig.deployDescriptor Deployment of deployment descriptor [E:\DevHome\Server\apache-tomcat-10.1.20\conf\Catalina\localhost\first.xml] has finished in [135] ms
01-Apr-2024 02:31:01.084 INFO [http-nio-8080-exec-1] org.apache.catalina.util.LifecycleBase.start The start() method was called on component [StandardEngine[Catalina].StandardHost[localhost].StandardContext[/first]] after start() had already been called. The second call will be ignored.
01-Apr-2024 02:33:25.049 INFO [http-nio-8080-exec-5] org.apache.catalina.startup.HostConfig.undeploy Undeploying context [/first]
01-Apr-2024 02:33:55.568 INFO [main] org.apache.catalina.core.StandardServer.await A valid shutdown command was received via the shutdown port. Stopping the Server instance.
01-Apr-2024 02:33:55.568 INFO [main] org.apache.coyote.AbstractProtocol.pause Pausing ProtocolHandler ["http-nio-8080"]
01-Apr-2024 02:33:55.570 INFO [main] org.apache.catalina.core.StandardService.stopInternal Stopping service [Catalina]
01-Apr-2024 02:33:55.579 INFO [main] org.apache.coyote.AbstractProtocol.stop Stopping ProtocolHandler ["http-nio-8080"]
01-Apr-2024 02:33:55.582 INFO [main] org.apache.coyote.AbstractProtocol.destroy Destroying ProtocolHandler ["http-nio-8080"]
01-Apr-2024 02:34:09.723 INFO [main] org.apache.catalina.startup.VersionLoggerListener.log Server version name:   Apache Tomcat/10.1.20
01-Apr-2024 02:34:09.726 INFO [main] org.apache.catalina.startup.VersionLoggerListener.log Server built:          Mar 19 2024 12:49:58 UTC
01-Apr-2024 02:34:09.726 INFO [main] org.apache.catalina.startup.VersionLoggerListener.log Server version number: 10.1.20.0
01-Apr-2024 02:34:09.726 INFO [main] org.apache.catalina.startup.VersionLoggerListener.log OS Name:               Windows 11
01-Apr-2024 02:34:09.726 INFO [main] org.apache.catalina.startup.VersionLoggerListener.log OS Version:            10.0
01-Apr-2024 02:34:09.726 INFO [main] org.apache.catalina.startup.VersionLoggerListener.log Architecture:          amd64
01-Apr-2024 02:34:09.726 INFO [main] org.apache.catalina.startup.VersionLoggerListener.log Java Home:             C:\Program Files\Java\jdk-21
01-Apr-2024 02:34:09.726 INFO [main] org.apache.catalina.startup.VersionLoggerListener.log JVM Version:           21.0.2+13-LTS-58
01-Apr-2024 02:34:09.726 INFO [main] org.apache.catalina.startup.VersionLoggerListener.log JVM Vendor:            Oracle Corporation
01-Apr-2024 02:34:09.726 INFO [main] org.apache.catalina.startup.VersionLoggerListener.log CATALINA_BASE:         E:\DevHome\Server\apache-tomcat-10.1.20
01-Apr-2024 02:34:09.727 INFO [main] org.apache.catalina.startup.VersionLoggerListener.log CATALINA_HOME:         E:\DevHome\Server\apache-tomcat-10.1.20
01-Apr-2024 02:34:09.735 INFO [main] org.apache.catalina.startup.VersionLoggerListener.log Command line argument: -Djava.util.logging.config.file=E:\DevHome\Server\apache-tomcat-10.1.20\conf\logging.properties
01-Apr-2024 02:34:09.735 INFO [main] org.apache.catalina.startup.VersionLoggerListener.log Command line argument: -Djava.util.logging.manager=org.apache.juli.ClassLoaderLogManager
01-Apr-2024 02:34:09.735 INFO [main] org.apache.catalina.startup.VersionLoggerListener.log Command line argument: -Dhttp.nonProxyHosts=localhost|127.0.0.1|bill
01-Apr-2024 02:34:09.735 INFO [main] org.apache.catalina.startup.VersionLoggerListener.log Command line argument: -Djdk.tls.ephemeralDHKeySize=2048
01-Apr-2024 02:34:09.735 INFO [main] org.apache.catalina.startup.VersionLoggerListener.log Command line argument: -Djava.protocol.handler.pkgs=org.apache.catalina.webresources
01-Apr-2024 02:34:09.735 INFO [main] org.apache.catalina.startup.VersionLoggerListener.log Command line argument: --add-opens=java.base/java.lang=ALL-UNNAMED
01-Apr-2024 02:34:09.735 INFO [main] org.apache.catalina.startup.VersionLoggerListener.log Command line argument: --add-opens=java.base/java.io=ALL-UNNAMED
01-Apr-2024 02:34:09.735 INFO [main] org.apache.catalina.startup.VersionLoggerListener.log Command line argument: --add-opens=java.base/java.util=ALL-UNNAMED
01-Apr-2024 02:34:09.735 INFO [main] org.apache.catalina.startup.VersionLoggerListener.log Command line argument: --add-opens=java.base/java.util.concurrent=ALL-UNNAMED
01-Apr-2024 02:34:09.735 INFO [main] org.apache.catalina.startup.VersionLoggerListener.log Command line argument: --add-opens=java.rmi/sun.rmi.transport=ALL-UNNAMED
01-Apr-2024 02:34:09.735 INFO [main] org.apache.catalina.startup.VersionLoggerListener.log Command line argument: -Dcatalina.base=E:\DevHome\Server\apache-tomcat-10.1.20
01-Apr-2024 02:34:09.735 INFO [main] org.apache.catalina.startup.VersionLoggerListener.log Command line argument: -Dcatalina.home=E:\DevHome\Server\apache-tomcat-10.1.20
01-Apr-2024 02:34:09.735 INFO [main] org.apache.catalina.startup.VersionLoggerListener.log Command line argument: -Djava.io.tmpdir=E:\DevHome\Server\apache-tomcat-10.1.20\temp
01-Apr-2024 02:34:09.741 INFO [main] org.apache.catalina.core.AprLifecycleListener.lifecycleEvent The Apache Tomcat Native library which allows using OpenSSL was not found on the java.library.path: [C:\Program Files\Java\jdk-21\bin;C:\Windows\Sun\Java\bin;C:\Windows\system32;C:\Windows;C:\Program Files\Common Files\Oracle\Java\javapath;C:\Program Files\OpenSSH\;C:\Windows\system32;C:\Windows;C:\Windows\System32\Wbem;C:\Windows\System32\WindowsPowerShell\v1.0\;C:\Windows\System32\OpenSSH\;C:\Program Files (x86)\NVIDIA Corporation\PhysX\Common;C:\Program Files\NVIDIA Corporation\NVIDIA NvDLISR;E:\xampp\php;C:\Program Files\PuTTY\;C:\composer;C:\ProgramData\chocolatey\bin;C:\Program Files\Git\cmd;C:\Users\Bin\AppData\Roaming\nvm;C:\Program Files\nodejs;C:\Program Files\dotnet\;C:\Program Files\Microsoft SQL Server\Client SDK\ODBC\170\Tools\Binn\;C:\Program Files (x86)\Windows Kits\10\Windows Performance Toolkit\;C:\Users\Bin\AppData\Local\Programs\Python\Python311\Scripts\;C:\Users\Bin\AppData\Local\Programs\Python\Python311\;C:\Users\Bin\AppData\Local\Microsoft\WindowsApps;C:\Users\Bin\AppData\Local\Programs\Microsoft VS Code\bin;C:\Users\Bin\AppData\Roaming\Composer\vendor\bin;C:\Users\Bin\AppData\Roaming\npm;C:\Program Files\OpenSSL-Win64\bin;C:\Users\Bin\AppData\Roaming\nvm;C:\Program Files\nodejs;C:\Users\Bin\.dotnet\tools;.]
01-Apr-2024 02:34:10.037 INFO [main] org.apache.coyote.AbstractProtocol.init Initializing ProtocolHandler ["http-nio-8080"]
01-Apr-2024 02:34:10.057 INFO [main] org.apache.catalina.startup.Catalina.load Server initialization in [463] milliseconds
01-Apr-2024 02:34:10.101 INFO [main] org.apache.catalina.core.StandardService.startInternal Starting service [Catalina]
01-Apr-2024 02:34:10.102 INFO [main] org.apache.catalina.core.StandardEngine.startInternal Starting Servlet engine: [Apache Tomcat/10.1.20]
01-Apr-2024 02:34:10.108 INFO [main] org.apache.catalina.startup.HostConfig.deployDirectory Deploying web application directory [E:\DevHome\Server\apache-tomcat-10.1.20\webapps\docs]
01-Apr-2024 02:34:10.329 INFO [main] org.apache.catalina.startup.HostConfig.deployDirectory Deployment of web application directory [E:\DevHome\Server\apache-tomcat-10.1.20\webapps\docs] has finished in [221] ms
01-Apr-2024 02:34:10.330 INFO [main] org.apache.catalina.startup.HostConfig.deployDirectory Deploying web application directory [E:\DevHome\Server\apache-tomcat-10.1.20\webapps\examples]
01-Apr-2024 02:34:10.580 INFO [main] org.apache.catalina.startup.HostConfig.deployDirectory Deployment of web application directory [E:\DevHome\Server\apache-tomcat-10.1.20\webapps\examples] has finished in [250] ms
01-Apr-2024 02:34:10.580 INFO [main] org.apache.catalina.startup.HostConfig.deployDirectory Deploying web application directory [E:\DevHome\Server\apache-tomcat-10.1.20\webapps\host-manager]
01-Apr-2024 02:34:10.603 INFO [main] org.apache.catalina.startup.HostConfig.deployDirectory Deployment of web application directory [E:\DevHome\Server\apache-tomcat-10.1.20\webapps\host-manager] has finished in [23] ms
01-Apr-2024 02:34:10.603 INFO [main] org.apache.catalina.startup.HostConfig.deployDirectory Deploying web application directory [E:\DevHome\Server\apache-tomcat-10.1.20\webapps\manager]
01-Apr-2024 02:34:10.622 INFO [main] org.apache.catalina.startup.HostConfig.deployDirectory Deployment of web application directory [E:\DevHome\Server\apache-tomcat-10.1.20\webapps\manager] has finished in [19] ms
01-Apr-2024 02:34:10.622 INFO [main] org.apache.catalina.startup.HostConfig.deployDirectory Deploying web application directory [E:\DevHome\Server\apache-tomcat-10.1.20\webapps\ROOT]
01-Apr-2024 02:34:10.636 INFO [main] org.apache.catalina.startup.HostConfig.deployDirectory Deployment of web application directory [E:\DevHome\Server\apache-tomcat-10.1.20\webapps\ROOT] has finished in [14] ms
01-Apr-2024 02:34:10.639 INFO [main] org.apache.coyote.AbstractProtocol.start Starting ProtocolHandler ["http-nio-8080"]
01-Apr-2024 02:34:10.657 INFO [main] org.apache.catalina.startup.Catalina.start Server startup in [599] milliseconds
01-Apr-2024 02:34:10.733 INFO [http-nio-8080-exec-2] org.apache.catalina.startup.HostConfig.deployDescriptor Deploying deployment descriptor [E:\DevHome\Server\apache-tomcat-10.1.20\conf\Catalina\localhost\first.xml]
01-Apr-2024 02:34:10.734 WARNING [http-nio-8080-exec-2] org.apache.catalina.startup.HostConfig.deployDescriptor The path attribute with value [/first] in deployment descriptor [E:\DevHome\Server\apache-tomcat-10.1.20\conf\Catalina\localhost\first.xml] has been ignored
01-Apr-2024 02:34:10.913 INFO [http-nio-8080-exec-2] org.apache.jasper.servlet.TldScanner.scanJars At least one JAR was scanned for TLDs yet contained no TLDs. Enable debug logging for this logger for a complete list of JARs that were scanned but no TLDs were found in them. Skipping unneeded JARs during scanning can improve startup time and JSP compilation time.
01-Apr-2024 02:34:10.919 INFO [http-nio-8080-exec-2] org.apache.catalina.startup.HostConfig.deployDescriptor Deployment of deployment descriptor [E:\DevHome\Server\apache-tomcat-10.1.20\conf\Catalina\localhost\first.xml] has finished in [185] ms
01-Apr-2024 02:34:10.922 INFO [http-nio-8080-exec-3] org.apache.catalina.util.LifecycleBase.start The start() method was called on component [StandardEngine[Catalina].StandardHost[localhost].StandardContext[/first]] after start() had already been called. The second call will be ignored.
01-Apr-2024 02:35:57.930 INFO [http-nio-8080-exec-9] org.apache.catalina.startup.HostConfig.undeploy Undeploying context [/first]
01-Apr-2024 02:35:57.938 INFO [http-nio-8080-exec-3] org.apache.catalina.startup.HostConfig.deployDescriptor Deploying deployment descriptor [E:\DevHome\Server\apache-tomcat-10.1.20\conf\Catalina\localhost\first.xml]
01-Apr-2024 02:35:57.939 WARNING [http-nio-8080-exec-3] org.apache.catalina.startup.HostConfig.deployDescriptor The path attribute with value [/first] in deployment descriptor [E:\DevHome\Server\apache-tomcat-10.1.20\conf\Catalina\localhost\first.xml] has been ignored
01-Apr-2024 02:35:58.068 INFO [http-nio-8080-exec-3] org.apache.jasper.servlet.TldScanner.scanJars At least one JAR was scanned for TLDs yet contained no TLDs. Enable debug logging for this logger for a complete list of JARs that were scanned but no TLDs were found in them. Skipping unneeded JARs during scanning can improve startup time and JSP compilation time.
01-Apr-2024 02:35:58.070 INFO [http-nio-8080-exec-3] org.apache.catalina.startup.HostConfig.deployDescriptor Deployment of deployment descriptor [E:\DevHome\Server\apache-tomcat-10.1.20\conf\Catalina\localhost\first.xml] has finished in [132] ms
01-Apr-2024 02:35:58.072 INFO [http-nio-8080-exec-4] org.apache.catalina.util.LifecycleBase.start The start() method was called on component [StandardEngine[Catalina].StandardHost[localhost].StandardContext[/first]] after start() had already been called. The second call will be ignored.
01-Apr-2024 02:37:06.200 INFO [main] org.apache.catalina.core.StandardServer.await A valid shutdown command was received via the shutdown port. Stopping the Server instance.
01-Apr-2024 02:37:06.200 INFO [main] org.apache.coyote.AbstractProtocol.pause Pausing ProtocolHandler ["http-nio-8080"]
01-Apr-2024 02:37:06.203 INFO [main] org.apache.catalina.core.StandardService.stopInternal Stopping service [Catalina]
01-Apr-2024 02:37:06.213 INFO [main] org.apache.coyote.AbstractProtocol.stop Stopping ProtocolHandler ["http-nio-8080"]
01-Apr-2024 02:37:06.215 INFO [main] org.apache.coyote.AbstractProtocol.destroy Destroying ProtocolHandler ["http-nio-8080"]
01-Apr-2024 02:37:13.924 INFO [main] org.apache.catalina.startup.VersionLoggerListener.log Server version name:   Apache Tomcat/10.1.20
01-Apr-2024 02:37:13.926 INFO [main] org.apache.catalina.startup.VersionLoggerListener.log Server built:          Mar 19 2024 12:49:58 UTC
01-Apr-2024 02:37:13.927 INFO [main] org.apache.catalina.startup.VersionLoggerListener.log Server version number: 10.1.20.0
01-Apr-2024 02:37:13.927 INFO [main] org.apache.catalina.startup.VersionLoggerListener.log OS Name:               Windows 11
01-Apr-2024 02:37:13.927 INFO [main] org.apache.catalina.startup.VersionLoggerListener.log OS Version:            10.0
01-Apr-2024 02:37:13.927 INFO [main] org.apache.catalina.startup.VersionLoggerListener.log Architecture:          amd64
01-Apr-2024 02:37:13.927 INFO [main] org.apache.catalina.startup.VersionLoggerListener.log Java Home:             C:\Program Files\Java\jdk-21
01-Apr-2024 02:37:13.927 INFO [main] org.apache.catalina.startup.VersionLoggerListener.log JVM Version:           21.0.2+13-LTS-58
01-Apr-2024 02:37:13.927 INFO [main] org.apache.catalina.startup.VersionLoggerListener.log JVM Vendor:            Oracle Corporation
01-Apr-2024 02:37:13.927 INFO [main] org.apache.catalina.startup.VersionLoggerListener.log CATALINA_BASE:         E:\DevHome\Server\apache-tomcat-10.1.20
01-Apr-2024 02:37:13.927 INFO [main] org.apache.catalina.startup.VersionLoggerListener.log CATALINA_HOME:         E:\DevHome\Server\apache-tomcat-10.1.20
01-Apr-2024 02:37:13.935 INFO [main] org.apache.catalina.startup.VersionLoggerListener.log Command line argument: -Djava.util.logging.config.file=E:\DevHome\Server\apache-tomcat-10.1.20\conf\logging.properties
01-Apr-2024 02:37:13.935 INFO [main] org.apache.catalina.startup.VersionLoggerListener.log Command line argument: -Djava.util.logging.manager=org.apache.juli.ClassLoaderLogManager
01-Apr-2024 02:37:13.935 INFO [main] org.apache.catalina.startup.VersionLoggerListener.log Command line argument: -Dhttp.nonProxyHosts=localhost|127.0.0.1|bill
01-Apr-2024 02:37:13.935 INFO [main] org.apache.catalina.startup.VersionLoggerListener.log Command line argument: -Djdk.tls.ephemeralDHKeySize=2048
01-Apr-2024 02:37:13.935 INFO [main] org.apache.catalina.startup.VersionLoggerListener.log Command line argument: -Djava.protocol.handler.pkgs=org.apache.catalina.webresources
01-Apr-2024 02:37:13.936 INFO [main] org.apache.catalina.startup.VersionLoggerListener.log Command line argument: --add-opens=java.base/java.lang=ALL-UNNAMED
01-Apr-2024 02:37:13.936 INFO [main] org.apache.catalina.startup.VersionLoggerListener.log Command line argument: --add-opens=java.base/java.io=ALL-UNNAMED
01-Apr-2024 02:37:13.936 INFO [main] org.apache.catalina.startup.VersionLoggerListener.log Command line argument: --add-opens=java.base/java.util=ALL-UNNAMED
01-Apr-2024 02:37:13.936 INFO [main] org.apache.catalina.startup.VersionLoggerListener.log Command line argument: --add-opens=java.base/java.util.concurrent=ALL-UNNAMED
01-Apr-2024 02:37:13.936 INFO [main] org.apache.catalina.startup.VersionLoggerListener.log Command line argument: --add-opens=java.rmi/sun.rmi.transport=ALL-UNNAMED
01-Apr-2024 02:37:13.936 INFO [main] org.apache.catalina.startup.VersionLoggerListener.log Command line argument: -agentlib:jdwp=transport=dt_shmem,address=tomcat_shared_memory_id,server=y,suspend=n
01-Apr-2024 02:37:13.936 INFO [main] org.apache.catalina.startup.VersionLoggerListener.log Command line argument: -Dcatalina.base=E:\DevHome\Server\apache-tomcat-10.1.20
01-Apr-2024 02:37:13.936 INFO [main] org.apache.catalina.startup.VersionLoggerListener.log Command line argument: -Dcatalina.home=E:\DevHome\Server\apache-tomcat-10.1.20
01-Apr-2024 02:37:13.936 INFO [main] org.apache.catalina.startup.VersionLoggerListener.log Command line argument: -Djava.io.tmpdir=E:\DevHome\Server\apache-tomcat-10.1.20\temp
01-Apr-2024 02:37:13.942 INFO [main] org.apache.catalina.core.AprLifecycleListener.lifecycleEvent The Apache Tomcat Native library which allows using OpenSSL was not found on the java.library.path: [C:\Program Files\Java\jdk-21\bin;C:\Windows\Sun\Java\bin;C:\Windows\system32;C:\Windows;C:\Program Files\Common Files\Oracle\Java\javapath;C:\Program Files\OpenSSH\;C:\Windows\system32;C:\Windows;C:\Windows\System32\Wbem;C:\Windows\System32\WindowsPowerShell\v1.0\;C:\Windows\System32\OpenSSH\;C:\Program Files (x86)\NVIDIA Corporation\PhysX\Common;C:\Program Files\NVIDIA Corporation\NVIDIA NvDLISR;E:\xampp\php;C:\Program Files\PuTTY\;C:\composer;C:\ProgramData\chocolatey\bin;C:\Program Files\Git\cmd;C:\Users\Bin\AppData\Roaming\nvm;C:\Program Files\nodejs;C:\Program Files\dotnet\;C:\Program Files\Microsoft SQL Server\Client SDK\ODBC\170\Tools\Binn\;C:\Program Files (x86)\Windows Kits\10\Windows Performance Toolkit\;C:\Users\Bin\AppData\Local\Programs\Python\Python311\Scripts\;C:\Users\Bin\AppData\Local\Programs\Python\Python311\;C:\Users\Bin\AppData\Local\Microsoft\WindowsApps;C:\Users\Bin\AppData\Local\Programs\Microsoft VS Code\bin;C:\Users\Bin\AppData\Roaming\Composer\vendor\bin;C:\Users\Bin\AppData\Roaming\npm;C:\Program Files\OpenSSL-Win64\bin;C:\Users\Bin\AppData\Roaming\nvm;C:\Program Files\nodejs;C:\Users\Bin\.dotnet\tools;.]
01-Apr-2024 02:37:14.206 INFO [main] org.apache.coyote.AbstractProtocol.init Initializing ProtocolHandler ["http-nio-8080"]
01-Apr-2024 02:37:14.222 INFO [main] org.apache.catalina.startup.Catalina.load Server initialization in [438] milliseconds
01-Apr-2024 02:37:14.259 INFO [main] org.apache.catalina.core.StandardService.startInternal Starting service [Catalina]
01-Apr-2024 02:37:14.259 INFO [main] org.apache.catalina.core.StandardEngine.startInternal Starting Servlet engine: [Apache Tomcat/10.1.20]
01-Apr-2024 02:37:14.266 INFO [main] org.apache.catalina.startup.HostConfig.deployDescriptor Deploying deployment descriptor [E:\DevHome\Server\apache-tomcat-10.1.20\conf\Catalina\localhost\first.xml]
01-Apr-2024 02:37:14.281 WARNING [main] org.apache.catalina.startup.HostConfig.deployDescriptor The path attribute with value [/first] in deployment descriptor [E:\DevHome\Server\apache-tomcat-10.1.20\conf\Catalina\localhost\first.xml] has been ignored
01-Apr-2024 02:37:14.667 INFO [main] org.apache.jasper.servlet.TldScanner.scanJars At least one JAR was scanned for TLDs yet contained no TLDs. Enable debug logging for this logger for a complete list of JARs that were scanned but no TLDs were found in them. Skipping unneeded JARs during scanning can improve startup time and JSP compilation time.
01-Apr-2024 02:37:14.710 INFO [main] org.apache.catalina.startup.HostConfig.deployDescriptor Deployment of deployment descriptor [E:\DevHome\Server\apache-tomcat-10.1.20\conf\Catalina\localhost\first.xml] has finished in [443] ms
01-Apr-2024 02:37:14.710 INFO [main] org.apache.catalina.startup.HostConfig.deployDirectory Deploying web application directory [E:\DevHome\Server\apache-tomcat-10.1.20\webapps\docs]
01-Apr-2024 02:37:14.732 INFO [main] org.apache.catalina.startup.HostConfig.deployDirectory Deployment of web application directory [E:\DevHome\Server\apache-tomcat-10.1.20\webapps\docs] has finished in [21] ms
01-Apr-2024 02:37:14.732 INFO [main] org.apache.catalina.startup.HostConfig.deployDirectory Deploying web application directory [E:\DevHome\Server\apache-tomcat-10.1.20\webapps\examples]
01-Apr-2024 02:37:14.946 INFO [main] org.apache.catalina.startup.HostConfig.deployDirectory Deployment of web application directory [E:\DevHome\Server\apache-tomcat-10.1.20\webapps\examples] has finished in [213] ms
01-Apr-2024 02:37:14.946 INFO [main] org.apache.catalina.startup.HostConfig.deployDirectory Deploying web application directory [E:\DevHome\Server\apache-tomcat-10.1.20\webapps\host-manager]
01-Apr-2024 02:37:14.971 INFO [main] org.apache.catalina.startup.HostConfig.deployDirectory Deployment of web application directory [E:\DevHome\Server\apache-tomcat-10.1.20\webapps\host-manager] has finished in [25] ms
01-Apr-2024 02:37:14.972 INFO [main] org.apache.catalina.startup.HostConfig.deployDirectory Deploying web application directory [E:\DevHome\Server\apache-tomcat-10.1.20\webapps\manager]
01-Apr-2024 02:37:14.993 INFO [main] org.apache.catalina.startup.HostConfig.deployDirectory Deployment of web application directory [E:\DevHome\Server\apache-tomcat-10.1.20\webapps\manager] has finished in [21] ms
01-Apr-2024 02:37:14.993 INFO [main] org.apache.catalina.startup.HostConfig.deployDirectory Deploying web application directory [E:\DevHome\Server\apache-tomcat-10.1.20\webapps\ROOT]
01-Apr-2024 02:37:15.007 INFO [main] org.apache.catalina.startup.HostConfig.deployDirectory Deployment of web application directory [E:\DevHome\Server\apache-tomcat-10.1.20\webapps\ROOT] has finished in [14] ms
01-Apr-2024 02:37:15.011 INFO [main] org.apache.coyote.AbstractProtocol.start Starting ProtocolHandler ["http-nio-8080"]
01-Apr-2024 02:37:15.027 INFO [main] org.apache.catalina.startup.Catalina.start Server startup in [804] milliseconds
01-Apr-2024 02:37:15.744 INFO [http-nio-8080-exec-10] org.apache.catalina.startup.HostConfig.undeploy Undeploying context [/first]
01-Apr-2024 02:37:15.753 INFO [http-nio-8080-exec-2] org.apache.catalina.startup.HostConfig.deployDescriptor Deploying deployment descriptor [E:\DevHome\Server\apache-tomcat-10.1.20\conf\Catalina\localhost\first.xml]
01-Apr-2024 02:37:15.754 WARNING [http-nio-8080-exec-2] org.apache.catalina.startup.HostConfig.deployDescriptor The path attribute with value [/first] in deployment descriptor [E:\DevHome\Server\apache-tomcat-10.1.20\conf\Catalina\localhost\first.xml] has been ignored
01-Apr-2024 02:37:15.895 INFO [http-nio-8080-exec-2] org.apache.jasper.servlet.TldScanner.scanJars At least one JAR was scanned for TLDs yet contained no TLDs. Enable debug logging for this logger for a complete list of JARs that were scanned but no TLDs were found in them. Skipping unneeded JARs during scanning can improve startup time and JSP compilation time.
01-Apr-2024 02:37:15.897 INFO [http-nio-8080-exec-2] org.apache.catalina.startup.HostConfig.deployDescriptor Deployment of deployment descriptor [E:\DevHome\Server\apache-tomcat-10.1.20\conf\Catalina\localhost\first.xml] has finished in [144] ms
01-Apr-2024 02:37:15.900 INFO [http-nio-8080-exec-5] org.apache.catalina.util.LifecycleBase.start The start() method was called on component [StandardEngine[Catalina].StandardHost[localhost].StandardContext[/first]] after start() had already been called. The second call will be ignored.
01-Apr-2024 02:38:31.731 INFO [http-nio-8080-exec-5] org.apache.catalina.startup.HostConfig.undeploy Undeploying context [/first]
01-Apr-2024 02:38:31.738 INFO [http-nio-8080-exec-14] org.apache.catalina.startup.HostConfig.deployDescriptor Deploying deployment descriptor [E:\DevHome\Server\apache-tomcat-10.1.20\conf\Catalina\localhost\first.xml]
01-Apr-2024 02:38:31.739 WARNING [http-nio-8080-exec-14] org.apache.catalina.startup.HostConfig.deployDescriptor The path attribute with value [/first] in deployment descriptor [E:\DevHome\Server\apache-tomcat-10.1.20\conf\Catalina\localhost\first.xml] has been ignored
01-Apr-2024 02:38:31.869 INFO [http-nio-8080-exec-14] org.apache.jasper.servlet.TldScanner.scanJars At least one JAR was scanned for TLDs yet contained no TLDs. Enable debug logging for this logger for a complete list of JARs that were scanned but no TLDs were found in them. Skipping unneeded JARs during scanning can improve startup time and JSP compilation time.
01-Apr-2024 02:38:31.871 INFO [http-nio-8080-exec-14] org.apache.catalina.startup.HostConfig.deployDescriptor Deployment of deployment descriptor [E:\DevHome\Server\apache-tomcat-10.1.20\conf\Catalina\localhost\first.xml] has finished in [133] ms
01-Apr-2024 02:38:31.873 INFO [http-nio-8080-exec-11] org.apache.catalina.util.LifecycleBase.start The start() method was called on component [StandardEngine[Catalina].StandardHost[localhost].StandardContext[/first]] after start() had already been called. The second call will be ignored.
01-Apr-2024 02:40:01.687 INFO [main] org.apache.catalina.core.StandardServer.await A valid shutdown command was received via the shutdown port. Stopping the Server instance.
01-Apr-2024 02:40:01.688 INFO [main] org.apache.coyote.AbstractProtocol.pause Pausing ProtocolHandler ["http-nio-8080"]
01-Apr-2024 02:40:01.691 INFO [main] org.apache.catalina.core.StandardService.stopInternal Stopping service [Catalina]
01-Apr-2024 02:40:01.703 INFO [main] org.apache.coyote.AbstractProtocol.stop Stopping ProtocolHandler ["http-nio-8080"]
01-Apr-2024 02:40:01.717 INFO [main] org.apache.coyote.AbstractProtocol.destroy Destroying ProtocolHandler ["http-nio-8080"]
01-Apr-2024 02:40:10.776 INFO [main] org.apache.catalina.startup.VersionLoggerListener.log Server version name:   Apache Tomcat/10.1.20
01-Apr-2024 02:40:10.779 INFO [main] org.apache.catalina.startup.VersionLoggerListener.log Server built:          Mar 19 2024 12:49:58 UTC
01-Apr-2024 02:40:10.779 INFO [main] org.apache.catalina.startup.VersionLoggerListener.log Server version number: 10.1.20.0
01-Apr-2024 02:40:10.779 INFO [main] org.apache.catalina.startup.VersionLoggerListener.log OS Name:               Windows 11
01-Apr-2024 02:40:10.779 INFO [main] org.apache.catalina.startup.VersionLoggerListener.log OS Version:            10.0
01-Apr-2024 02:40:10.779 INFO [main] org.apache.catalina.startup.VersionLoggerListener.log Architecture:          amd64
01-Apr-2024 02:40:10.779 INFO [main] org.apache.catalina.startup.VersionLoggerListener.log Java Home:             C:\Program Files\Java\jdk-21
01-Apr-2024 02:40:10.780 INFO [main] org.apache.catalina.startup.VersionLoggerListener.log JVM Version:           21.0.2+13-LTS-58
01-Apr-2024 02:40:10.780 INFO [main] org.apache.catalina.startup.VersionLoggerListener.log JVM Vendor:            Oracle Corporation
01-Apr-2024 02:40:10.780 INFO [main] org.apache.catalina.startup.VersionLoggerListener.log CATALINA_BASE:         E:\DevHome\Server\apache-tomcat-10.1.20
01-Apr-2024 02:40:10.780 INFO [main] org.apache.catalina.startup.VersionLoggerListener.log CATALINA_HOME:         E:\DevHome\Server\apache-tomcat-10.1.20
01-Apr-2024 02:40:10.787 INFO [main] org.apache.catalina.startup.VersionLoggerListener.log Command line argument: -Djava.util.logging.config.file=E:\DevHome\Server\apache-tomcat-10.1.20\conf\logging.properties
01-Apr-2024 02:40:10.787 INFO [main] org.apache.catalina.startup.VersionLoggerListener.log Command line argument: -Djava.util.logging.manager=org.apache.juli.ClassLoaderLogManager
01-Apr-2024 02:40:10.787 INFO [main] org.apache.catalina.startup.VersionLoggerListener.log Command line argument: -Dhttp.nonProxyHosts=localhost|127.0.0.1|bill
01-Apr-2024 02:40:10.787 INFO [main] org.apache.catalina.startup.VersionLoggerListener.log Command line argument: -Djdk.tls.ephemeralDHKeySize=2048
01-Apr-2024 02:40:10.787 INFO [main] org.apache.catalina.startup.VersionLoggerListener.log Command line argument: -Djava.protocol.handler.pkgs=org.apache.catalina.webresources
01-Apr-2024 02:40:10.787 INFO [main] org.apache.catalina.startup.VersionLoggerListener.log Command line argument: --add-opens=java.base/java.lang=ALL-UNNAMED
01-Apr-2024 02:40:10.787 INFO [main] org.apache.catalina.startup.VersionLoggerListener.log Command line argument: --add-opens=java.base/java.io=ALL-UNNAMED
01-Apr-2024 02:40:10.787 INFO [main] org.apache.catalina.startup.VersionLoggerListener.log Command line argument: --add-opens=java.base/java.util=ALL-UNNAMED
01-Apr-2024 02:40:10.787 INFO [main] org.apache.catalina.startup.VersionLoggerListener.log Command line argument: --add-opens=java.base/java.util.concurrent=ALL-UNNAMED
01-Apr-2024 02:40:10.787 INFO [main] org.apache.catalina.startup.VersionLoggerListener.log Command line argument: --add-opens=java.rmi/sun.rmi.transport=ALL-UNNAMED
01-Apr-2024 02:40:10.787 INFO [main] org.apache.catalina.startup.VersionLoggerListener.log Command line argument: -Dcatalina.base=E:\DevHome\Server\apache-tomcat-10.1.20
01-Apr-2024 02:40:10.787 INFO [main] org.apache.catalina.startup.VersionLoggerListener.log Command line argument: -Dcatalina.home=E:\DevHome\Server\apache-tomcat-10.1.20
01-Apr-2024 02:40:10.787 INFO [main] org.apache.catalina.startup.VersionLoggerListener.log Command line argument: -Djava.io.tmpdir=E:\DevHome\Server\apache-tomcat-10.1.20\temp
01-Apr-2024 02:40:10.793 INFO [main] org.apache.catalina.core.AprLifecycleListener.lifecycleEvent The Apache Tomcat Native library which allows using OpenSSL was not found on the java.library.path: [C:\Program Files\Java\jdk-21\bin;C:\Windows\Sun\Java\bin;C:\Windows\system32;C:\Windows;C:\Program Files\Common Files\Oracle\Java\javapath;C:\Program Files\OpenSSH\;C:\Windows\system32;C:\Windows;C:\Windows\System32\Wbem;C:\Windows\System32\WindowsPowerShell\v1.0\;C:\Windows\System32\OpenSSH\;C:\Program Files (x86)\NVIDIA Corporation\PhysX\Common;C:\Program Files\NVIDIA Corporation\NVIDIA NvDLISR;E:\xampp\php;C:\Program Files\PuTTY\;C:\composer;C:\ProgramData\chocolatey\bin;C:\Program Files\Git\cmd;C:\Users\Bin\AppData\Roaming\nvm;C:\Program Files\nodejs;C:\Program Files\dotnet\;C:\Program Files\Microsoft SQL Server\Client SDK\ODBC\170\Tools\Binn\;C:\Program Files (x86)\Windows Kits\10\Windows Performance Toolkit\;C:\Users\Bin\AppData\Local\Programs\Python\Python311\Scripts\;C:\Users\Bin\AppData\Local\Programs\Python\Python311\;C:\Users\Bin\AppData\Local\Microsoft\WindowsApps;C:\Users\Bin\AppData\Local\Programs\Microsoft VS Code\bin;C:\Users\Bin\AppData\Roaming\Composer\vendor\bin;C:\Users\Bin\AppData\Roaming\npm;C:\Program Files\OpenSSL-Win64\bin;C:\Users\Bin\AppData\Roaming\nvm;C:\Program Files\nodejs;C:\Users\Bin\.dotnet\tools;.]
01-Apr-2024 02:40:11.051 INFO [main] org.apache.coyote.AbstractProtocol.init Initializing ProtocolHandler ["http-nio-8080"]
01-Apr-2024 02:40:11.067 INFO [main] org.apache.catalina.startup.Catalina.load Server initialization in [421] milliseconds
01-Apr-2024 02:40:11.102 INFO [main] org.apache.catalina.core.StandardService.startInternal Starting service [Catalina]
01-Apr-2024 02:40:11.102 INFO [main] org.apache.catalina.core.StandardEngine.startInternal Starting Servlet engine: [Apache Tomcat/10.1.20]
01-Apr-2024 02:40:11.110 INFO [main] org.apache.catalina.startup.HostConfig.deployDescriptor Deploying deployment descriptor [E:\DevHome\Server\apache-tomcat-10.1.20\conf\Catalina\localhost\first.xml]
01-Apr-2024 02:40:11.124 WARNING [main] org.apache.catalina.startup.HostConfig.deployDescriptor The path attribute with value [/first] in deployment descriptor [E:\DevHome\Server\apache-tomcat-10.1.20\conf\Catalina\localhost\first.xml] has been ignored
01-Apr-2024 02:40:11.469 INFO [main] org.apache.jasper.servlet.TldScanner.scanJars At least one JAR was scanned for TLDs yet contained no TLDs. Enable debug logging for this logger for a complete list of JARs that were scanned but no TLDs were found in them. Skipping unneeded JARs during scanning can improve startup time and JSP compilation time.
01-Apr-2024 02:40:11.504 INFO [main] org.apache.catalina.startup.HostConfig.deployDescriptor Deployment of deployment descriptor [E:\DevHome\Server\apache-tomcat-10.1.20\conf\Catalina\localhost\first.xml] has finished in [394] ms
01-Apr-2024 02:40:11.504 INFO [main] org.apache.catalina.startup.HostConfig.deployDirectory Deploying web application directory [E:\DevHome\Server\apache-tomcat-10.1.20\webapps\docs]
01-Apr-2024 02:40:11.522 INFO [main] org.apache.catalina.startup.HostConfig.deployDirectory Deployment of web application directory [E:\DevHome\Server\apache-tomcat-10.1.20\webapps\docs] has finished in [18] ms
01-Apr-2024 02:40:11.522 INFO [main] org.apache.catalina.startup.HostConfig.deployDirectory Deploying web application directory [E:\DevHome\Server\apache-tomcat-10.1.20\webapps\examples]
01-Apr-2024 02:40:11.725 INFO [main] org.apache.catalina.startup.HostConfig.deployDirectory Deployment of web application directory [E:\DevHome\Server\apache-tomcat-10.1.20\webapps\examples] has finished in [203] ms
01-Apr-2024 02:40:11.725 INFO [main] org.apache.catalina.startup.HostConfig.deployDirectory Deploying web application directory [E:\DevHome\Server\apache-tomcat-10.1.20\webapps\host-manager]
01-Apr-2024 02:40:11.750 INFO [main] org.apache.catalina.startup.HostConfig.deployDirectory Deployment of web application directory [E:\DevHome\Server\apache-tomcat-10.1.20\webapps\host-manager] has finished in [24] ms
01-Apr-2024 02:40:11.750 INFO [main] org.apache.catalina.startup.HostConfig.deployDirectory Deploying web application directory [E:\DevHome\Server\apache-tomcat-10.1.20\webapps\manager]
01-Apr-2024 02:40:11.769 INFO [main] org.apache.catalina.startup.HostConfig.deployDirectory Deployment of web application directory [E:\DevHome\Server\apache-tomcat-10.1.20\webapps\manager] has finished in [18] ms
01-Apr-2024 02:40:11.769 INFO [main] org.apache.catalina.startup.HostConfig.deployDirectory Deploying web application directory [E:\DevHome\Server\apache-tomcat-10.1.20\webapps\ROOT]
01-Apr-2024 02:40:11.782 INFO [main] org.apache.catalina.startup.HostConfig.deployDirectory Deployment of web application directory [E:\DevHome\Server\apache-tomcat-10.1.20\webapps\ROOT] has finished in [13] ms
01-Apr-2024 02:40:11.785 INFO [main] org.apache.coyote.AbstractProtocol.start Starting ProtocolHandler ["http-nio-8080"]
01-Apr-2024 02:40:11.802 INFO [main] org.apache.catalina.startup.Catalina.start Server startup in [734] milliseconds
01-Apr-2024 02:40:12.407 INFO [http-nio-8080-exec-2] org.apache.catalina.startup.HostConfig.undeploy Undeploying context [/first]
01-Apr-2024 02:40:12.417 INFO [http-nio-8080-exec-3] org.apache.catalina.startup.HostConfig.deployDescriptor Deploying deployment descriptor [E:\DevHome\Server\apache-tomcat-10.1.20\conf\Catalina\localhost\first.xml]
01-Apr-2024 02:40:12.417 WARNING [http-nio-8080-exec-3] org.apache.catalina.startup.HostConfig.deployDescriptor The path attribute with value [/first] in deployment descriptor [E:\DevHome\Server\apache-tomcat-10.1.20\conf\Catalina\localhost\first.xml] has been ignored
01-Apr-2024 02:40:12.544 INFO [http-nio-8080-exec-3] org.apache.jasper.servlet.TldScanner.scanJars At least one JAR was scanned for TLDs yet contained no TLDs. Enable debug logging for this logger for a complete list of JARs that were scanned but no TLDs were found in them. Skipping unneeded JARs during scanning can improve startup time and JSP compilation time.
01-Apr-2024 02:40:12.546 INFO [http-nio-8080-exec-3] org.apache.catalina.startup.HostConfig.deployDescriptor Deployment of deployment descriptor [E:\DevHome\Server\apache-tomcat-10.1.20\conf\Catalina\localhost\first.xml] has finished in [129] ms
01-Apr-2024 02:40:12.548 INFO [http-nio-8080-exec-8] org.apache.catalina.util.LifecycleBase.start The start() method was called on component [StandardEngine[Catalina].StandardHost[localhost].StandardContext[/first]] after start() had already been called. The second call will be ignored.
01-Apr-2024 02:42:09.542 INFO [main] org.apache.catalina.core.StandardServer.await A valid shutdown command was received via the shutdown port. Stopping the Server instance.
01-Apr-2024 02:42:09.543 INFO [main] org.apache.coyote.AbstractProtocol.pause Pausing ProtocolHandler ["http-nio-8080"]
01-Apr-2024 02:42:09.545 INFO [main] org.apache.catalina.core.StandardService.stopInternal Stopping service [Catalina]
01-Apr-2024 02:42:09.556 INFO [main] org.apache.coyote.AbstractProtocol.stop Stopping ProtocolHandler ["http-nio-8080"]
01-Apr-2024 02:42:09.558 INFO [main] org.apache.coyote.AbstractProtocol.destroy Destroying ProtocolHandler ["http-nio-8080"]
01-Apr-2024 02:42:24.546 INFO [main] org.apache.catalina.startup.VersionLoggerListener.log Server version name:   Apache Tomcat/10.1.20
01-Apr-2024 02:42:24.550 INFO [main] org.apache.catalina.startup.VersionLoggerListener.log Server built:          Mar 19 2024 12:49:58 UTC
01-Apr-2024 02:42:24.550 INFO [main] org.apache.catalina.startup.VersionLoggerListener.log Server version number: 10.1.20.0
01-Apr-2024 02:42:24.550 INFO [main] org.apache.catalina.startup.VersionLoggerListener.log OS Name:               Windows 11
01-Apr-2024 02:42:24.550 INFO [main] org.apache.catalina.startup.VersionLoggerListener.log OS Version:            10.0
01-Apr-2024 02:42:24.550 INFO [main] org.apache.catalina.startup.VersionLoggerListener.log Architecture:          amd64
01-Apr-2024 02:42:24.550 INFO [main] org.apache.catalina.startup.VersionLoggerListener.log Java Home:             C:\Program Files\Java\jdk-21
01-Apr-2024 02:42:24.550 INFO [main] org.apache.catalina.startup.VersionLoggerListener.log JVM Version:           21.0.2+13-LTS-58
01-Apr-2024 02:42:24.550 INFO [main] org.apache.catalina.startup.VersionLoggerListener.log JVM Vendor:            Oracle Corporation
01-Apr-2024 02:42:24.550 INFO [main] org.apache.catalina.startup.VersionLoggerListener.log CATALINA_BASE:         E:\DevHome\Server\apache-tomcat-10.1.20
01-Apr-2024 02:42:24.551 INFO [main] org.apache.catalina.startup.VersionLoggerListener.log CATALINA_HOME:         E:\DevHome\Server\apache-tomcat-10.1.20
01-Apr-2024 02:42:24.558 INFO [main] org.apache.catalina.startup.VersionLoggerListener.log Command line argument: -Djava.util.logging.config.file=E:\DevHome\Server\apache-tomcat-10.1.20\conf\logging.properties
01-Apr-2024 02:42:24.558 INFO [main] org.apache.catalina.startup.VersionLoggerListener.log Command line argument: -Djava.util.logging.manager=org.apache.juli.ClassLoaderLogManager
01-Apr-2024 02:42:24.558 INFO [main] org.apache.catalina.startup.VersionLoggerListener.log Command line argument: -Dhttp.nonProxyHosts=localhost|127.0.0.1|bill
01-Apr-2024 02:42:24.558 INFO [main] org.apache.catalina.startup.VersionLoggerListener.log Command line argument: -Djdk.tls.ephemeralDHKeySize=2048
01-Apr-2024 02:42:24.558 INFO [main] org.apache.catalina.startup.VersionLoggerListener.log Command line argument: -Djava.protocol.handler.pkgs=org.apache.catalina.webresources
01-Apr-2024 02:42:24.559 INFO [main] org.apache.catalina.startup.VersionLoggerListener.log Command line argument: --add-opens=java.base/java.lang=ALL-UNNAMED
01-Apr-2024 02:42:24.559 INFO [main] org.apache.catalina.startup.VersionLoggerListener.log Command line argument: --add-opens=java.base/java.io=ALL-UNNAMED
01-Apr-2024 02:42:24.559 INFO [main] org.apache.catalina.startup.VersionLoggerListener.log Command line argument: --add-opens=java.base/java.util=ALL-UNNAMED
01-Apr-2024 02:42:24.559 INFO [main] org.apache.catalina.startup.VersionLoggerListener.log Command line argument: --add-opens=java.base/java.util.concurrent=ALL-UNNAMED
01-Apr-2024 02:42:24.559 INFO [main] org.apache.catalina.startup.VersionLoggerListener.log Command line argument: --add-opens=java.rmi/sun.rmi.transport=ALL-UNNAMED
01-Apr-2024 02:42:24.559 INFO [main] org.apache.catalina.startup.VersionLoggerListener.log Command line argument: -Dcatalina.base=E:\DevHome\Server\apache-tomcat-10.1.20
01-Apr-2024 02:42:24.559 INFO [main] org.apache.catalina.startup.VersionLoggerListener.log Command line argument: -Dcatalina.home=E:\DevHome\Server\apache-tomcat-10.1.20
01-Apr-2024 02:42:24.559 INFO [main] org.apache.catalina.startup.VersionLoggerListener.log Command line argument: -Djava.io.tmpdir=E:\DevHome\Server\apache-tomcat-10.1.20\temp
01-Apr-2024 02:42:24.565 INFO [main] org.apache.catalina.core.AprLifecycleListener.lifecycleEvent The Apache Tomcat Native library which allows using OpenSSL was not found on the java.library.path: [C:\Program Files\Java\jdk-21\bin;C:\Windows\Sun\Java\bin;C:\Windows\system32;C:\Windows;C:\Program Files\Common Files\Oracle\Java\javapath;C:\Program Files\OpenSSH\;C:\Windows\system32;C:\Windows;C:\Windows\System32\Wbem;C:\Windows\System32\WindowsPowerShell\v1.0\;C:\Windows\System32\OpenSSH\;C:\Program Files (x86)\NVIDIA Corporation\PhysX\Common;C:\Program Files\NVIDIA Corporation\NVIDIA NvDLISR;E:\xampp\php;C:\Program Files\PuTTY\;C:\composer;C:\ProgramData\chocolatey\bin;C:\Program Files\Git\cmd;C:\Users\Bin\AppData\Roaming\nvm;C:\Program Files\nodejs;C:\Program Files\dotnet\;C:\Program Files\Microsoft SQL Server\Client SDK\ODBC\170\Tools\Binn\;C:\Program Files (x86)\Windows Kits\10\Windows Performance Toolkit\;C:\Users\Bin\AppData\Local\Programs\Python\Python311\Scripts\;C:\Users\Bin\AppData\Local\Programs\Python\Python311\;C:\Users\Bin\AppData\Local\Microsoft\WindowsApps;C:\Users\Bin\AppData\Local\Programs\Microsoft VS Code\bin;C:\Users\Bin\AppData\Roaming\Composer\vendor\bin;C:\Users\Bin\AppData\Roaming\npm;C:\Program Files\OpenSSL-Win64\bin;C:\Users\Bin\AppData\Roaming\nvm;C:\Program Files\nodejs;C:\Users\Bin\.dotnet\tools;.]
01-Apr-2024 02:42:24.862 INFO [main] org.apache.coyote.AbstractProtocol.init Initializing ProtocolHandler ["http-nio-8080"]
01-Apr-2024 02:42:24.879 INFO [main] org.apache.catalina.startup.Catalina.load Server initialization in [464] milliseconds
01-Apr-2024 02:42:24.920 INFO [main] org.apache.catalina.core.StandardService.startInternal Starting service [Catalina]
01-Apr-2024 02:42:24.920 INFO [main] org.apache.catalina.core.StandardEngine.startInternal Starting Servlet engine: [Apache Tomcat/10.1.20]
01-Apr-2024 02:42:24.928 INFO [main] org.apache.catalina.startup.HostConfig.deployDescriptor Deploying deployment descriptor [E:\DevHome\Server\apache-tomcat-10.1.20\conf\Catalina\localhost\first.xml]
01-Apr-2024 02:42:24.946 WARNING [main] org.apache.catalina.startup.HostConfig.deployDescriptor The path attribute with value [/first] in deployment descriptor [E:\DevHome\Server\apache-tomcat-10.1.20\conf\Catalina\localhost\first.xml] has been ignored
01-Apr-2024 02:42:25.297 INFO [main] org.apache.jasper.servlet.TldScanner.scanJars At least one JAR was scanned for TLDs yet contained no TLDs. Enable debug logging for this logger for a complete list of JARs that were scanned but no TLDs were found in them. Skipping unneeded JARs during scanning can improve startup time and JSP compilation time.
01-Apr-2024 02:42:25.335 INFO [main] org.apache.catalina.startup.HostConfig.deployDescriptor Deployment of deployment descriptor [E:\DevHome\Server\apache-tomcat-10.1.20\conf\Catalina\localhost\first.xml] has finished in [407] ms
01-Apr-2024 02:42:25.336 INFO [main] org.apache.catalina.startup.HostConfig.deployDirectory Deploying web application directory [E:\DevHome\Server\apache-tomcat-10.1.20\webapps\docs]
01-Apr-2024 02:42:25.355 INFO [main] org.apache.catalina.startup.HostConfig.deployDirectory Deployment of web application directory [E:\DevHome\Server\apache-tomcat-10.1.20\webapps\docs] has finished in [19] ms
01-Apr-2024 02:42:25.355 INFO [main] org.apache.catalina.startup.HostConfig.deployDirectory Deploying web application directory [E:\DevHome\Server\apache-tomcat-10.1.20\webapps\examples]
01-Apr-2024 02:42:25.561 INFO [main] org.apache.catalina.startup.HostConfig.deployDirectory Deployment of web application directory [E:\DevHome\Server\apache-tomcat-10.1.20\webapps\examples] has finished in [206] ms
01-Apr-2024 02:42:25.561 INFO [main] org.apache.catalina.startup.HostConfig.deployDirectory Deploying web application directory [E:\DevHome\Server\apache-tomcat-10.1.20\webapps\host-manager]
01-Apr-2024 02:42:25.586 INFO [main] org.apache.catalina.startup.HostConfig.deployDirectory Deployment of web application directory [E:\DevHome\Server\apache-tomcat-10.1.20\webapps\host-manager] has finished in [25] ms
01-Apr-2024 02:42:25.587 INFO [main] org.apache.catalina.startup.HostConfig.deployDirectory Deploying web application directory [E:\DevHome\Server\apache-tomcat-10.1.20\webapps\manager]
01-Apr-2024 02:42:25.607 INFO [main] org.apache.catalina.startup.HostConfig.deployDirectory Deployment of web application directory [E:\DevHome\Server\apache-tomcat-10.1.20\webapps\manager] has finished in [21] ms
01-Apr-2024 02:42:25.607 INFO [main] org.apache.catalina.startup.HostConfig.deployDirectory Deploying web application directory [E:\DevHome\Server\apache-tomcat-10.1.20\webapps\ROOT]
01-Apr-2024 02:42:25.621 INFO [main] org.apache.catalina.startup.HostConfig.deployDirectory Deployment of web application directory [E:\DevHome\Server\apache-tomcat-10.1.20\webapps\ROOT] has finished in [13] ms
01-Apr-2024 02:42:25.624 INFO [main] org.apache.coyote.AbstractProtocol.start Starting ProtocolHandler ["http-nio-8080"]
01-Apr-2024 02:42:25.640 INFO [main] org.apache.catalina.startup.Catalina.start Server startup in [760] milliseconds
01-Apr-2024 02:42:26.230 INFO [http-nio-8080-exec-3] org.apache.catalina.startup.HostConfig.undeploy Undeploying context [/first]
01-Apr-2024 02:42:26.239 INFO [http-nio-8080-exec-6] org.apache.catalina.startup.HostConfig.deployDescriptor Deploying deployment descriptor [E:\DevHome\Server\apache-tomcat-10.1.20\conf\Catalina\localhost\first.xml]
01-Apr-2024 02:42:26.240 WARNING [http-nio-8080-exec-6] org.apache.catalina.startup.HostConfig.deployDescriptor The path attribute with value [/first] in deployment descriptor [E:\DevHome\Server\apache-tomcat-10.1.20\conf\Catalina\localhost\first.xml] has been ignored
01-Apr-2024 02:42:26.365 INFO [http-nio-8080-exec-6] org.apache.jasper.servlet.TldScanner.scanJars At least one JAR was scanned for TLDs yet contained no TLDs. Enable debug logging for this logger for a complete list of JARs that were scanned but no TLDs were found in them. Skipping unneeded JARs during scanning can improve startup time and JSP compilation time.
01-Apr-2024 02:42:26.367 INFO [http-nio-8080-exec-6] org.apache.catalina.startup.HostConfig.deployDescriptor Deployment of deployment descriptor [E:\DevHome\Server\apache-tomcat-10.1.20\conf\Catalina\localhost\first.xml] has finished in [128] ms
01-Apr-2024 02:42:26.369 INFO [http-nio-8080-exec-7] org.apache.catalina.util.LifecycleBase.start The start() method was called on component [StandardEngine[Catalina].StandardHost[localhost].StandardContext[/first]] after start() had already been called. The second call will be ignored.
01-Apr-2024 02:46:29.210 INFO [main] org.apache.catalina.core.StandardServer.await A valid shutdown command was received via the shutdown port. Stopping the Server instance.
01-Apr-2024 02:46:29.211 INFO [main] org.apache.coyote.AbstractProtocol.pause Pausing ProtocolHandler ["http-nio-8080"]
01-Apr-2024 02:46:29.213 INFO [main] org.apache.catalina.core.StandardService.stopInternal Stopping service [Catalina]
01-Apr-2024 02:46:29.224 INFO [main] org.apache.coyote.AbstractProtocol.stop Stopping ProtocolHandler ["http-nio-8080"]
01-Apr-2024 02:46:29.226 INFO [main] org.apache.coyote.AbstractProtocol.destroy Destroying ProtocolHandler ["http-nio-8080"]
01-Apr-2024 02:46:39.631 INFO [main] org.apache.catalina.startup.VersionLoggerListener.log Server version name:   Apache Tomcat/10.1.20
01-Apr-2024 02:46:39.633 INFO [main] org.apache.catalina.startup.VersionLoggerListener.log Server built:          Mar 19 2024 12:49:58 UTC
01-Apr-2024 02:46:39.634 INFO [main] org.apache.catalina.startup.VersionLoggerListener.log Server version number: 10.1.20.0
01-Apr-2024 02:46:39.634 INFO [main] org.apache.catalina.startup.VersionLoggerListener.log OS Name:               Windows 11
01-Apr-2024 02:46:39.634 INFO [main] org.apache.catalina.startup.VersionLoggerListener.log OS Version:            10.0
01-Apr-2024 02:46:39.634 INFO [main] org.apache.catalina.startup.VersionLoggerListener.log Architecture:          amd64
01-Apr-2024 02:46:39.634 INFO [main] org.apache.catalina.startup.VersionLoggerListener.log Java Home:             C:\Program Files\Java\jdk-21
01-Apr-2024 02:46:39.634 INFO [main] org.apache.catalina.startup.VersionLoggerListener.log JVM Version:           21.0.2+13-LTS-58
01-Apr-2024 02:46:39.634 INFO [main] org.apache.catalina.startup.VersionLoggerListener.log JVM Vendor:            Oracle Corporation
01-Apr-2024 02:46:39.634 INFO [main] org.apache.catalina.startup.VersionLoggerListener.log CATALINA_BASE:         E:\DevHome\Server\apache-tomcat-10.1.20
01-Apr-2024 02:46:39.635 INFO [main] org.apache.catalina.startup.VersionLoggerListener.log CATALINA_HOME:         E:\DevHome\Server\apache-tomcat-10.1.20
01-Apr-2024 02:46:39.642 INFO [main] org.apache.catalina.startup.VersionLoggerListener.log Command line argument: -Djava.util.logging.config.file=E:\DevHome\Server\apache-tomcat-10.1.20\conf\logging.properties
01-Apr-2024 02:46:39.642 INFO [main] org.apache.catalina.startup.VersionLoggerListener.log Command line argument: -Djava.util.logging.manager=org.apache.juli.ClassLoaderLogManager
01-Apr-2024 02:46:39.642 INFO [main] org.apache.catalina.startup.VersionLoggerListener.log Command line argument: -Dhttp.nonProxyHosts=localhost|127.0.0.1|bill
01-Apr-2024 02:46:39.643 INFO [main] org.apache.catalina.startup.VersionLoggerListener.log Command line argument: -Djdk.tls.ephemeralDHKeySize=2048
01-Apr-2024 02:46:39.643 INFO [main] org.apache.catalina.startup.VersionLoggerListener.log Command line argument: -Djava.protocol.handler.pkgs=org.apache.catalina.webresources
01-Apr-2024 02:46:39.643 INFO [main] org.apache.catalina.startup.VersionLoggerListener.log Command line argument: --add-opens=java.base/java.lang=ALL-UNNAMED
01-Apr-2024 02:46:39.643 INFO [main] org.apache.catalina.startup.VersionLoggerListener.log Command line argument: --add-opens=java.base/java.io=ALL-UNNAMED
01-Apr-2024 02:46:39.643 INFO [main] org.apache.catalina.startup.VersionLoggerListener.log Command line argument: --add-opens=java.base/java.util=ALL-UNNAMED
01-Apr-2024 02:46:39.643 INFO [main] org.apache.catalina.startup.VersionLoggerListener.log Command line argument: --add-opens=java.base/java.util.concurrent=ALL-UNNAMED
01-Apr-2024 02:46:39.643 INFO [main] org.apache.catalina.startup.VersionLoggerListener.log Command line argument: --add-opens=java.rmi/sun.rmi.transport=ALL-UNNAMED
01-Apr-2024 02:46:39.643 INFO [main] org.apache.catalina.startup.VersionLoggerListener.log Command line argument: -Dcatalina.base=E:\DevHome\Server\apache-tomcat-10.1.20
01-Apr-2024 02:46:39.643 INFO [main] org.apache.catalina.startup.VersionLoggerListener.log Command line argument: -Dcatalina.home=E:\DevHome\Server\apache-tomcat-10.1.20
01-Apr-2024 02:46:39.643 INFO [main] org.apache.catalina.startup.VersionLoggerListener.log Command line argument: -Djava.io.tmpdir=E:\DevHome\Server\apache-tomcat-10.1.20\temp
01-Apr-2024 02:46:39.649 INFO [main] org.apache.catalina.core.AprLifecycleListener.lifecycleEvent The Apache Tomcat Native library which allows using OpenSSL was not found on the java.library.path: [C:\Program Files\Java\jdk-21\bin;C:\Windows\Sun\Java\bin;C:\Windows\system32;C:\Windows;C:\Program Files\Common Files\Oracle\Java\javapath;C:\Program Files\OpenSSH\;C:\Windows\system32;C:\Windows;C:\Windows\System32\Wbem;C:\Windows\System32\WindowsPowerShell\v1.0\;C:\Windows\System32\OpenSSH\;C:\Program Files (x86)\NVIDIA Corporation\PhysX\Common;C:\Program Files\NVIDIA Corporation\NVIDIA NvDLISR;E:\xampp\php;C:\Program Files\PuTTY\;C:\composer;C:\ProgramData\chocolatey\bin;C:\Program Files\Git\cmd;C:\Users\Bin\AppData\Roaming\nvm;C:\Program Files\nodejs;C:\Program Files\dotnet\;C:\Program Files\Microsoft SQL Server\Client SDK\ODBC\170\Tools\Binn\;C:\Program Files (x86)\Windows Kits\10\Windows Performance Toolkit\;C:\Users\Bin\AppData\Local\Programs\Python\Python311\Scripts\;C:\Users\Bin\AppData\Local\Programs\Python\Python311\;C:\Users\Bin\AppData\Local\Microsoft\WindowsApps;C:\Users\Bin\AppData\Local\Programs\Microsoft VS Code\bin;C:\Users\Bin\AppData\Roaming\Composer\vendor\bin;C:\Users\Bin\AppData\Roaming\npm;C:\Program Files\OpenSSL-Win64\bin;C:\Users\Bin\AppData\Roaming\nvm;C:\Program Files\nodejs;C:\Users\Bin\.dotnet\tools;.]
01-Apr-2024 02:46:39.938 INFO [main] org.apache.coyote.AbstractProtocol.init Initializing ProtocolHandler ["http-nio-8080"]
01-Apr-2024 02:46:39.955 INFO [main] org.apache.catalina.startup.Catalina.load Server initialization in [462] milliseconds
01-Apr-2024 02:46:39.993 INFO [main] org.apache.catalina.core.StandardService.startInternal Starting service [Catalina]
01-Apr-2024 02:46:39.993 INFO [main] org.apache.catalina.core.StandardEngine.startInternal Starting Servlet engine: [Apache Tomcat/10.1.20]
01-Apr-2024 02:46:40.000 INFO [main] org.apache.catalina.startup.HostConfig.deployDescriptor Deploying deployment descriptor [E:\DevHome\Server\apache-tomcat-10.1.20\conf\Catalina\localhost\first.xml]
01-Apr-2024 02:46:40.014 WARNING [main] org.apache.catalina.startup.HostConfig.deployDescriptor The path attribute with value [/first] in deployment descriptor [E:\DevHome\Server\apache-tomcat-10.1.20\conf\Catalina\localhost\first.xml] has been ignored
01-Apr-2024 02:46:40.369 INFO [main] org.apache.jasper.servlet.TldScanner.scanJars At least one JAR was scanned for TLDs yet contained no TLDs. Enable debug logging for this logger for a complete list of JARs that were scanned but no TLDs were found in them. Skipping unneeded JARs during scanning can improve startup time and JSP compilation time.
01-Apr-2024 02:46:40.408 INFO [main] org.apache.catalina.startup.HostConfig.deployDescriptor Deployment of deployment descriptor [E:\DevHome\Server\apache-tomcat-10.1.20\conf\Catalina\localhost\first.xml] has finished in [408] ms
01-Apr-2024 02:46:40.409 INFO [main] org.apache.catalina.startup.HostConfig.deployDirectory Deploying web application directory [E:\DevHome\Server\apache-tomcat-10.1.20\webapps\docs]
01-Apr-2024 02:46:40.427 INFO [main] org.apache.catalina.startup.HostConfig.deployDirectory Deployment of web application directory [E:\DevHome\Server\apache-tomcat-10.1.20\webapps\docs] has finished in [18] ms
01-Apr-2024 02:46:40.427 INFO [main] org.apache.catalina.startup.HostConfig.deployDirectory Deploying web application directory [E:\DevHome\Server\apache-tomcat-10.1.20\webapps\examples]
01-Apr-2024 02:46:40.630 INFO [main] org.apache.catalina.startup.HostConfig.deployDirectory Deployment of web application directory [E:\DevHome\Server\apache-tomcat-10.1.20\webapps\examples] has finished in [203] ms
01-Apr-2024 02:46:40.630 INFO [main] org.apache.catalina.startup.HostConfig.deployDirectory Deploying web application directory [E:\DevHome\Server\apache-tomcat-10.1.20\webapps\host-manager]
01-Apr-2024 02:46:40.655 INFO [main] org.apache.catalina.startup.HostConfig.deployDirectory Deployment of web application directory [E:\DevHome\Server\apache-tomcat-10.1.20\webapps\host-manager] has finished in [25] ms
01-Apr-2024 02:46:40.655 INFO [main] org.apache.catalina.startup.HostConfig.deployDirectory Deploying web application directory [E:\DevHome\Server\apache-tomcat-10.1.20\webapps\manager]
01-Apr-2024 02:46:40.677 INFO [main] org.apache.catalina.startup.HostConfig.deployDirectory Deployment of web application directory [E:\DevHome\Server\apache-tomcat-10.1.20\webapps\manager] has finished in [22] ms
01-Apr-2024 02:46:40.678 INFO [main] org.apache.catalina.startup.HostConfig.deployDirectory Deploying web application directory [E:\DevHome\Server\apache-tomcat-10.1.20\webapps\ROOT]
01-Apr-2024 02:46:40.691 INFO [main] org.apache.catalina.startup.HostConfig.deployDirectory Deployment of web application directory [E:\DevHome\Server\apache-tomcat-10.1.20\webapps\ROOT] has finished in [14] ms
01-Apr-2024 02:46:40.695 INFO [main] org.apache.coyote.AbstractProtocol.start Starting ProtocolHandler ["http-nio-8080"]
01-Apr-2024 02:46:40.712 INFO [main] org.apache.catalina.startup.Catalina.start Server startup in [756] milliseconds
01-Apr-2024 02:46:41.308 INFO [http-nio-8080-exec-5] org.apache.catalina.startup.HostConfig.undeploy Undeploying context [/first]
01-Apr-2024 02:46:41.318 INFO [http-nio-8080-exec-3] org.apache.catalina.startup.HostConfig.deployDescriptor Deploying deployment descriptor [E:\DevHome\Server\apache-tomcat-10.1.20\conf\Catalina\localhost\first.xml]
01-Apr-2024 02:46:41.318 WARNING [http-nio-8080-exec-3] org.apache.catalina.startup.HostConfig.deployDescriptor The path attribute with value [/first] in deployment descriptor [E:\DevHome\Server\apache-tomcat-10.1.20\conf\Catalina\localhost\first.xml] has been ignored
01-Apr-2024 02:46:41.463 INFO [http-nio-8080-exec-3] org.apache.jasper.servlet.TldScanner.scanJars At least one JAR was scanned for TLDs yet contained no TLDs. Enable debug logging for this logger for a complete list of JARs that were scanned but no TLDs were found in them. Skipping unneeded JARs during scanning can improve startup time and JSP compilation time.
01-Apr-2024 02:46:41.465 INFO [http-nio-8080-exec-3] org.apache.catalina.startup.HostConfig.deployDescriptor Deployment of deployment descriptor [E:\DevHome\Server\apache-tomcat-10.1.20\conf\Catalina\localhost\first.xml] has finished in [148] ms
01-Apr-2024 02:46:41.468 INFO [http-nio-8080-exec-1] org.apache.catalina.util.LifecycleBase.start The start() method was called on component [StandardEngine[Catalina].StandardHost[localhost].StandardContext[/first]] after start() had already been called. The second call will be ignored.
01-Apr-2024 11:57:32.953 INFO [main] org.apache.catalina.startup.VersionLoggerListener.log Server version name:   Apache Tomcat/10.1.20
01-Apr-2024 11:57:32.956 INFO [main] org.apache.catalina.startup.VersionLoggerListener.log Server built:          Mar 19 2024 12:49:58 UTC
01-Apr-2024 11:57:32.956 INFO [main] org.apache.catalina.startup.VersionLoggerListener.log Server version number: 10.1.20.0
01-Apr-2024 11:57:32.956 INFO [main] org.apache.catalina.startup.VersionLoggerListener.log OS Name:               Windows 11
01-Apr-2024 11:57:32.957 INFO [main] org.apache.catalina.startup.VersionLoggerListener.log OS Version:            10.0
01-Apr-2024 11:57:32.957 INFO [main] org.apache.catalina.startup.VersionLoggerListener.log Architecture:          amd64
01-Apr-2024 11:57:32.957 INFO [main] org.apache.catalina.startup.VersionLoggerListener.log Java Home:             C:\Program Files\Java\jdk-21
01-Apr-2024 11:57:32.957 INFO [main] org.apache.catalina.startup.VersionLoggerListener.log JVM Version:           21.0.2+13-LTS-58
01-Apr-2024 11:57:32.957 INFO [main] org.apache.catalina.startup.VersionLoggerListener.log JVM Vendor:            Oracle Corporation
01-Apr-2024 11:57:32.957 INFO [main] org.apache.catalina.startup.VersionLoggerListener.log CATALINA_BASE:         E:\DevHome\Server\apache-tomcat-10.1.20
01-Apr-2024 11:57:32.957 INFO [main] org.apache.catalina.startup.VersionLoggerListener.log CATALINA_HOME:         E:\DevHome\Server\apache-tomcat-10.1.20
01-Apr-2024 11:57:32.965 INFO [main] org.apache.catalina.startup.VersionLoggerListener.log Command line argument: -Djava.util.logging.config.file=E:\DevHome\Server\apache-tomcat-10.1.20\conf\logging.properties
01-Apr-2024 11:57:32.966 INFO [main] org.apache.catalina.startup.VersionLoggerListener.log Command line argument: -Djava.util.logging.manager=org.apache.juli.ClassLoaderLogManager
01-Apr-2024 11:57:32.966 INFO [main] org.apache.catalina.startup.VersionLoggerListener.log Command line argument: -Dhttp.nonProxyHosts=localhost|127.0.0.1|bill
01-Apr-2024 11:57:32.966 INFO [main] org.apache.catalina.startup.VersionLoggerListener.log Command line argument: -Djdk.tls.ephemeralDHKeySize=2048
01-Apr-2024 11:57:32.966 INFO [main] org.apache.catalina.startup.VersionLoggerListener.log Command line argument: -Djava.protocol.handler.pkgs=org.apache.catalina.webresources
01-Apr-2024 11:57:32.966 INFO [main] org.apache.catalina.startup.VersionLoggerListener.log Command line argument: --add-opens=java.base/java.lang=ALL-UNNAMED
01-Apr-2024 11:57:32.966 INFO [main] org.apache.catalina.startup.VersionLoggerListener.log Command line argument: --add-opens=java.base/java.io=ALL-UNNAMED
01-Apr-2024 11:57:32.966 INFO [main] org.apache.catalina.startup.VersionLoggerListener.log Command line argument: --add-opens=java.base/java.util=ALL-UNNAMED
01-Apr-2024 11:57:32.966 INFO [main] org.apache.catalina.startup.VersionLoggerListener.log Command line argument: --add-opens=java.base/java.util.concurrent=ALL-UNNAMED
01-Apr-2024 11:57:32.966 INFO [main] org.apache.catalina.startup.VersionLoggerListener.log Command line argument: --add-opens=java.rmi/sun.rmi.transport=ALL-UNNAMED
01-Apr-2024 11:57:32.966 INFO [main] org.apache.catalina.startup.VersionLoggerListener.log Command line argument: -Dcatalina.base=E:\DevHome\Server\apache-tomcat-10.1.20
01-Apr-2024 11:57:32.966 INFO [main] org.apache.catalina.startup.VersionLoggerListener.log Command line argument: -Dcatalina.home=E:\DevHome\Server\apache-tomcat-10.1.20
01-Apr-2024 11:57:32.966 INFO [main] org.apache.catalina.startup.VersionLoggerListener.log Command line argument: -Djava.io.tmpdir=E:\DevHome\Server\apache-tomcat-10.1.20\temp
01-Apr-2024 11:57:32.973 INFO [main] org.apache.catalina.core.AprLifecycleListener.lifecycleEvent The Apache Tomcat Native library which allows using OpenSSL was not found on the java.library.path: [C:\Program Files\Java\jdk-21\bin;C:\Windows\Sun\Java\bin;C:\Windows\system32;C:\Windows;C:\Program Files\Common Files\Oracle\Java\javapath;C:\Program Files\OpenSSH\;C:\Windows\system32;C:\Windows;C:\Windows\System32\Wbem;C:\Windows\System32\WindowsPowerShell\v1.0\;C:\Windows\System32\OpenSSH\;C:\Program Files (x86)\NVIDIA Corporation\PhysX\Common;C:\Program Files\NVIDIA Corporation\NVIDIA NvDLISR;E:\xampp\php;C:\Program Files\PuTTY\;C:\composer;C:\ProgramData\chocolatey\bin;C:\Program Files\Git\cmd;C:\Users\Bin\AppData\Roaming\nvm;C:\Program Files\nodejs;C:\Program Files\dotnet\;C:\Program Files\Microsoft SQL Server\Client SDK\ODBC\170\Tools\Binn\;C:\Program Files (x86)\Windows Kits\10\Windows Performance Toolkit\;C:\Users\Bin\AppData\Local\Programs\Python\Python311\Scripts\;C:\Users\Bin\AppData\Local\Programs\Python\Python311\;C:\Users\Bin\AppData\Local\Microsoft\WindowsApps;C:\Users\Bin\AppData\Local\Programs\Microsoft VS Code\bin;C:\Users\Bin\AppData\Roaming\Composer\vendor\bin;C:\Users\Bin\AppData\Roaming\npm;C:\Program Files\OpenSSL-Win64\bin;C:\Users\Bin\AppData\Roaming\nvm;C:\Program Files\nodejs;C:\Users\Bin\.dotnet\tools;.]
01-Apr-2024 11:57:33.196 INFO [main] org.apache.coyote.AbstractProtocol.init Initializing ProtocolHandler ["http-nio-8080"]
01-Apr-2024 11:57:33.214 INFO [main] org.apache.catalina.startup.Catalina.load Server initialization in [417] milliseconds
01-Apr-2024 11:57:33.257 INFO [main] org.apache.catalina.core.StandardService.startInternal Starting service [Catalina]
01-Apr-2024 11:57:33.257 INFO [main] org.apache.catalina.core.StandardEngine.startInternal Starting Servlet engine: [Apache Tomcat/10.1.20]
01-Apr-2024 11:57:33.263 INFO [main] org.apache.catalina.startup.HostConfig.deployDescriptor Deploying deployment descriptor [E:\DevHome\Server\apache-tomcat-10.1.20\conf\Catalina\localhost\first.xml]
01-Apr-2024 11:57:33.278 WARNING [main] org.apache.catalina.startup.HostConfig.deployDescriptor The path attribute with value [/first] in deployment descriptor [E:\DevHome\Server\apache-tomcat-10.1.20\conf\Catalina\localhost\first.xml] has been ignored
01-Apr-2024 11:57:33.660 INFO [main] org.apache.jasper.servlet.TldScanner.scanJars At least one JAR was scanned for TLDs yet contained no TLDs. Enable debug logging for this logger for a complete list of JARs that were scanned but no TLDs were found in them. Skipping unneeded JARs during scanning can improve startup time and JSP compilation time.
01-Apr-2024 11:57:33.700 INFO [main] org.apache.catalina.startup.HostConfig.deployDescriptor Deployment of deployment descriptor [E:\DevHome\Server\apache-tomcat-10.1.20\conf\Catalina\localhost\first.xml] has finished in [437] ms
01-Apr-2024 11:57:33.701 INFO [main] org.apache.catalina.startup.HostConfig.deployDirectory Deploying web application directory [E:\DevHome\Server\apache-tomcat-10.1.20\webapps\docs]
01-Apr-2024 11:57:33.720 INFO [main] org.apache.catalina.startup.HostConfig.deployDirectory Deployment of web application directory [E:\DevHome\Server\apache-tomcat-10.1.20\webapps\docs] has finished in [19] ms
01-Apr-2024 11:57:33.720 INFO [main] org.apache.catalina.startup.HostConfig.deployDirectory Deploying web application directory [E:\DevHome\Server\apache-tomcat-10.1.20\webapps\examples]
01-Apr-2024 11:57:34.126 INFO [main] org.apache.catalina.startup.HostConfig.deployDirectory Deployment of web application directory [E:\DevHome\Server\apache-tomcat-10.1.20\webapps\examples] has finished in [406] ms
01-Apr-2024 11:57:34.127 INFO [main] org.apache.catalina.startup.HostConfig.deployDirectory Deploying web application directory [E:\DevHome\Server\apache-tomcat-10.1.20\webapps\host-manager]
01-Apr-2024 11:57:34.153 INFO [main] org.apache.catalina.startup.HostConfig.deployDirectory Deployment of web application directory [E:\DevHome\Server\apache-tomcat-10.1.20\webapps\host-manager] has finished in [26] ms
01-Apr-2024 11:57:34.153 INFO [main] org.apache.catalina.startup.HostConfig.deployDirectory Deploying web application directory [E:\DevHome\Server\apache-tomcat-10.1.20\webapps\manager]
01-Apr-2024 11:57:34.180 INFO [main] org.apache.catalina.startup.HostConfig.deployDirectory Deployment of web application directory [E:\DevHome\Server\apache-tomcat-10.1.20\webapps\manager] has finished in [27] ms
01-Apr-2024 11:57:34.180 INFO [main] org.apache.catalina.startup.HostConfig.deployDirectory Deploying web application directory [E:\DevHome\Server\apache-tomcat-10.1.20\webapps\ROOT]
01-Apr-2024 11:57:34.198 INFO [main] org.apache.catalina.startup.HostConfig.deployDirectory Deployment of web application directory [E:\DevHome\Server\apache-tomcat-10.1.20\webapps\ROOT] has finished in [18] ms
01-Apr-2024 11:57:34.201 INFO [main] org.apache.coyote.AbstractProtocol.start Starting ProtocolHandler ["http-nio-8080"]
01-Apr-2024 11:57:34.220 INFO [main] org.apache.catalina.startup.Catalina.start Server startup in [1005] milliseconds
01-Apr-2024 11:57:36.470 INFO [http-nio-8080-exec-10] org.apache.catalina.startup.HostConfig.undeploy Undeploying context [/first]
01-Apr-2024 11:57:36.491 INFO [http-nio-8080-exec-3] org.apache.catalina.startup.HostConfig.deployDescriptor Deploying deployment descriptor [E:\DevHome\Server\apache-tomcat-10.1.20\conf\Catalina\localhost\first.xml]
01-Apr-2024 11:57:36.492 WARNING [http-nio-8080-exec-3] org.apache.catalina.startup.HostConfig.deployDescriptor The path attribute with value [/first] in deployment descriptor [E:\DevHome\Server\apache-tomcat-10.1.20\conf\Catalina\localhost\first.xml] has been ignored
01-Apr-2024 11:57:36.624 INFO [http-nio-8080-exec-3] org.apache.jasper.servlet.TldScanner.scanJars At least one JAR was scanned for TLDs yet contained no TLDs. Enable debug logging for this logger for a complete list of JARs that were scanned but no TLDs were found in them. Skipping unneeded JARs during scanning can improve startup time and JSP compilation time.
01-Apr-2024 11:57:36.626 INFO [http-nio-8080-exec-3] org.apache.catalina.startup.HostConfig.deployDescriptor Deployment of deployment descriptor [E:\DevHome\Server\apache-tomcat-10.1.20\conf\Catalina\localhost\first.xml] has finished in [135] ms
01-Apr-2024 11:57:36.628 INFO [http-nio-8080-exec-8] org.apache.catalina.util.LifecycleBase.start The start() method was called on component [StandardEngine[Catalina].StandardHost[localhost].StandardContext[/first]] after start() had already been called. The second call will be ignored.
01-Apr-2024 23:09:26.912 INFO [main] org.apache.catalina.core.StandardServer.await A valid shutdown command was received via the shutdown port. Stopping the Server instance.
01-Apr-2024 23:09:26.915 INFO [main] org.apache.coyote.AbstractProtocol.pause Pausing ProtocolHandler ["http-nio-8080"]
01-Apr-2024 23:09:26.927 INFO [main] org.apache.catalina.core.StandardService.stopInternal Stopping service [Catalina]
01-Apr-2024 23:09:26.968 INFO [main] org.apache.coyote.AbstractProtocol.stop Stopping ProtocolHandler ["http-nio-8080"]
01-Apr-2024 23:09:26.973 INFO [main] org.apache.coyote.AbstractProtocol.destroy Destroying ProtocolHandler ["http-nio-8080"]
