31-Mar-2024 11:19:32.833 INFO [main] org.apache.catalina.core.ApplicationContext.log ContextListener: contextInitialized()
31-Mar-2024 11:19:32.833 INFO [main] org.apache.catalina.core.ApplicationContext.log SessionListener: contextInitialized()
31-Mar-2024 11:19:32.834 INFO [main] org.apache.catalina.core.ApplicationContext.log ContextListener: attributeAdded('StockTicker', 'async.Stockticker@4c168660')
31-Mar-2024 11:20:39.646 INFO [main] org.apache.catalina.core.ApplicationContext.log SessionListener: contextDestroyed()
31-Mar-2024 11:20:39.646 INFO [main] org.apache.catalina.core.ApplicationContext.log ContextListener: contextDestroyed()
31-Mar-2024 11:20:54.367 INFO [main] org.apache.catalina.core.ApplicationContext.log ContextListener: contextInitialized()
31-Mar-2024 11:20:54.367 INFO [main] org.apache.catalina.core.ApplicationContext.log SessionListener: contextInitialized()
31-Mar-2024 11:20:54.368 INFO [main] org.apache.catalina.core.ApplicationContext.log ContextListener: attributeAdded('StockTicker', 'async.Stockticker@4eed46ee')
31-Mar-2024 11:33:45.367 INFO [main] org.apache.catalina.core.ApplicationContext.log SessionListener: contextDestroyed()
31-Mar-2024 11:33:45.367 INFO [main] org.apache.catalina.core.ApplicationContext.log ContextListener: contextDestroyed()
31-Mar-2024 11:33:49.379 INFO [main] org.apache.catalina.core.ApplicationContext.log ContextListener: contextInitialized()
31-Mar-2024 11:33:49.379 INFO [main] org.apache.catalina.core.ApplicationContext.log SessionListener: contextInitialized()
31-Mar-2024 11:33:49.381 INFO [main] org.apache.catalina.core.ApplicationContext.log ContextListener: attributeAdded('StockTicker', 'async.Stockticker@6c345c5f')
31-Mar-2024 21:40:31.683 INFO [main] org.apache.catalina.core.ApplicationContext.log SessionListener: contextDestroyed()
31-Mar-2024 21:40:31.683 INFO [main] org.apache.catalina.core.ApplicationContext.log ContextListener: contextDestroyed()
31-Mar-2024 22:23:07.628 INFO [main] org.apache.catalina.core.ApplicationContext.log ContextListener: contextInitialized()
31-Mar-2024 22:23:07.628 INFO [main] org.apache.catalina.core.ApplicationContext.log SessionListener: contextInitialized()
31-Mar-2024 22:23:07.629 INFO [main] org.apache.catalina.core.ApplicationContext.log ContextListener: attributeAdded('StockTicker', 'async.Stockticker@6c345c5f')
31-Mar-2024 22:30:04.748 INFO [main] org.apache.catalina.core.ApplicationContext.log SessionListener: contextDestroyed()
31-Mar-2024 22:30:04.748 INFO [main] org.apache.catalina.core.ApplicationContext.log ContextListener: contextDestroyed()
31-Mar-2024 22:30:08.753 INFO [main] org.apache.catalina.core.ApplicationContext.log ContextListener: contextInitialized()
31-Mar-2024 22:30:08.753 INFO [main] org.apache.catalina.core.ApplicationContext.log SessionListener: contextInitialized()
31-Mar-2024 22:30:08.754 INFO [main] org.apache.catalina.core.ApplicationContext.log ContextListener: attributeAdded('StockTicker', 'async.Stockticker@60fa3495')
31-Mar-2024 22:32:56.752 INFO [main] org.apache.catalina.core.ApplicationContext.log SessionListener: contextDestroyed()
31-Mar-2024 22:32:56.752 INFO [main] org.apache.catalina.core.ApplicationContext.log ContextListener: contextDestroyed()
31-Mar-2024 22:33:00.702 INFO [main] org.apache.catalina.core.ApplicationContext.log ContextListener: contextInitialized()
31-Mar-2024 22:33:00.703 INFO [main] org.apache.catalina.core.ApplicationContext.log SessionListener: contextInitialized()
31-Mar-2024 22:33:00.704 INFO [main] org.apache.catalina.core.ApplicationContext.log ContextListener: attributeAdded('StockTicker', 'async.Stockticker@6c345c5f')
31-Mar-2024 22:36:11.806 INFO [main] org.apache.catalina.core.ApplicationContext.log SessionListener: contextDestroyed()
31-Mar-2024 22:36:11.806 INFO [main] org.apache.catalina.core.ApplicationContext.log ContextListener: contextDestroyed()
31-Mar-2024 22:36:30.759 INFO [main] org.apache.catalina.core.ApplicationContext.log ContextListener: contextInitialized()
31-Mar-2024 22:36:30.759 INFO [main] org.apache.catalina.core.ApplicationContext.log SessionListener: contextInitialized()
31-Mar-2024 22:36:30.760 INFO [main] org.apache.catalina.core.ApplicationContext.log ContextListener: attributeAdded('StockTicker', 'async.Stockticker@27a5328c')
31-Mar-2024 22:36:46.400 INFO [main] org.apache.catalina.core.ApplicationContext.log SessionListener: contextDestroyed()
31-Mar-2024 22:36:46.400 INFO [main] org.apache.catalina.core.ApplicationContext.log ContextListener: contextDestroyed()
31-Mar-2024 22:36:56.209 INFO [main] org.apache.catalina.core.ApplicationContext.log ContextListener: contextInitialized()
31-Mar-2024 22:36:56.209 INFO [main] org.apache.catalina.core.ApplicationContext.log SessionListener: contextInitialized()
31-Mar-2024 22:36:56.210 INFO [main] org.apache.catalina.core.ApplicationContext.log ContextListener: attributeAdded('StockTicker', 'async.Stockticker@65e61854')
31-Mar-2024 22:39:56.382 INFO [main] org.apache.catalina.core.ApplicationContext.log SessionListener: contextDestroyed()
31-Mar-2024 22:39:56.383 INFO [main] org.apache.catalina.core.ApplicationContext.log ContextListener: contextDestroyed()
31-Mar-2024 22:40:09.889 INFO [main] org.apache.catalina.core.ApplicationContext.log ContextListener: contextInitialized()
31-Mar-2024 22:40:09.889 INFO [main] org.apache.catalina.core.ApplicationContext.log SessionListener: contextInitialized()
31-Mar-2024 22:40:09.890 INFO [main] org.apache.catalina.core.ApplicationContext.log ContextListener: attributeAdded('StockTicker', 'async.Stockticker@1568159')
31-Mar-2024 23:13:31.988 INFO [main] org.apache.catalina.core.ApplicationContext.log SessionListener: contextDestroyed()
31-Mar-2024 23:13:31.988 INFO [main] org.apache.catalina.core.ApplicationContext.log ContextListener: contextDestroyed()
31-Mar-2024 23:13:40.904 INFO [main] org.apache.catalina.core.ApplicationContext.log ContextListener: contextInitialized()
31-Mar-2024 23:13:40.904 INFO [main] org.apache.catalina.core.ApplicationContext.log SessionListener: contextInitialized()
31-Mar-2024 23:13:40.905 INFO [main] org.apache.catalina.core.ApplicationContext.log ContextListener: attributeAdded('StockTicker', 'async.Stockticker@1e5f4170')
31-Mar-2024 23:14:09.675 INFO [main] org.apache.catalina.core.ApplicationContext.log SessionListener: contextDestroyed()
31-Mar-2024 23:14:09.675 INFO [main] org.apache.catalina.core.ApplicationContext.log ContextListener: contextDestroyed()
31-Mar-2024 23:14:22.423 INFO [main] org.apache.catalina.core.ApplicationContext.log ContextListener: contextInitialized()
31-Mar-2024 23:14:22.423 INFO [main] org.apache.catalina.core.ApplicationContext.log SessionListener: contextInitialized()
31-Mar-2024 23:14:22.425 INFO [main] org.apache.catalina.core.ApplicationContext.log ContextListener: attributeAdded('StockTicker', 'async.Stockticker@6b5966e1')
